Using pre-set license
Built from '2020.2/staging' branch; Version is '2020.2.3f1 (8ff31bc5bf5b) revision 9433883'; Using compiler version '192528614'; Build Type 'Release'
OS: 'Windows 10 Home; OS build 19042.867; Version 2009; 64bit' Language: 'en' Physical Memory: 16330 MB
BatchMode: 1, IsHumanControllingUs: 0, StartBugReporterOnCrash: 0, Is64bit: 1, IsPro: 0

 COMMAND LINE ARGUMENTS:
C:\Program Files\Unity\Hub\Editor\2020.2.3f1\Editor\Unity.exe
-adb2
-batchMode
-noUpm
-name
AssetImportWorker0
-projectPath
D:/UniProjects/4THYEARUNI/Incremental Honours game
-logFile
Logs/AssetImportWorker0.log
-srvPort
52038
Successfully changed project path to: D:/UniProjects/4THYEARUNI/Incremental Honours game
D:/UniProjects/4THYEARUNI/Incremental Honours game
Using Asset Import Pipeline V2.
Refreshing native plugins compatible for Editor in 40.79 ms, found 0 plugins.
Preloading 0 native plugins for Editor in 0.00 ms.
Initialize engine version: 2020.2.3f1 (8ff31bc5bf5b)
[Subsystems] Discovering subsystems at path C:/Program Files/Unity/Hub/Editor/2020.2.3f1/Editor/Data/Resources/UnitySubsystems
[Subsystems] Discovering subsystems at path D:/UniProjects/4THYEARUNI/Incremental Honours game/Assets
GfxDevice: creating device client; threaded=0
Direct3D:
    Version:  Direct3D 11.0 [level 11.1]
    Renderer: NVIDIA GeForce GTX 1070 (ID=0x1b81)
    Vendor:   
    VRAM:     8088 MB
    Driver:   27.21.14.5671
Shader 'Universal Render Pipeline/Particles/Lit': fallback shader 'Universal Render Pipeline/Particles/SimpleLit' not found
Initialize mono
Mono path[0] = 'C:/Program Files/Unity/Hub/Editor/2020.2.3f1/Editor/Data/Managed'
Mono path[1] = 'C:/Program Files/Unity/Hub/Editor/2020.2.3f1/Editor/Data/MonoBleedingEdge/lib/mono/unityjit'
Mono config path = 'C:/Program Files/Unity/Hub/Editor/2020.2.3f1/Editor/Data/MonoBleedingEdge/etc'
Using monoOptions --debugger-agent=transport=dt_socket,embedding=1,server=y,suspend=n,address=127.0.0.1:56012
Begin MonoManager ReloadAssembly
Registering precompiled unity dll's ...
Register platform support module: C:/Program Files/Unity/Hub/Editor/2020.2.3f1/Editor/Data/PlaybackEngines/WindowsStandaloneSupport/UnityEditor.WindowsStandalone.Extensions.dll
Registered in 0.001800 seconds.
Native extension for WindowsStandalone target not found
Refreshing native plugins compatible for Editor in 41.07 ms, found 0 plugins.
Preloading 0 native plugins for Editor in 0.00 ms.
Invoked RoslynAnalysisRunner static constructor.
RoslynAnalysisRunner will not be running.
RoslynAnalysisRunner has terminated.
Mono: successfully reloaded assembly
- Completed reload, in  1.030 seconds
Platform modules already initialized, skipping
Registering precompiled user dll's ...
Registered in 0.002641 seconds.
Begin MonoManager ReloadAssembly
Native extension for WindowsStandalone target not found
Refreshing native plugins compatible for Editor in 43.30 ms, found 0 plugins.
Preloading 0 native plugins for Editor in 0.00 ms.
Invoked RoslynAnalysisRunner static constructor.
RoslynAnalysisRunner will not be running.
RoslynAnalysisRunner has terminated.
Mono: successfully reloaded assembly
- Completed reload, in  0.933 seconds
Platform modules already initialized, skipping
========================================================================
Worker process is ready to serve import requests
Shader 'Universal Render Pipeline/Particles/Lit': fallback shader 'Universal Render Pipeline/Particles/SimpleLit' not found
Launched and connected shader compiler UnityShaderCompiler.exe after 0.04 seconds
Refreshing native plugins compatible for Editor in 0.41 ms, found 0 plugins.
Preloading 0 native plugins for Editor in 0.00 ms.
Unloading 2521 Unused Serialized files (Serialized files now loaded: 0)
System memory in use before: 117.7 MB.
System memory in use after: 117.9 MB.

Unloading 18 unused Assets to reduce memory usage. Loaded Objects now: 2963.
Total: 2.163800 ms (FindLiveObjects: 0.248200 ms CreateObjectMapping: 0.130500 ms MarkObjects: 1.712400 ms  DeleteObjects: 0.071600 ms)

========================================================================
Received Import Request.
  path: Assets/Scripts/GameController.cs
  artifactKey: Guid(ab2e6f45d1efb244a9b076e659bd50aa) Importer(815301076,1909f56bfc062723c751e8b465ee728b)
Start importing Assets/Scripts/GameController.cs using Guid(ab2e6f45d1efb244a9b076e659bd50aa) Importer(815301076,1909f56bfc062723c751e8b465ee728b)  -> (artifact id: 'ad349d8c9fa12f6f7765c7c007fe6afa') in 0.045798 seconds
  Import took 0.049354 seconds .

========================================================================
Received Import Request.
  Time since last request: 1.087506 seconds.
  path: Assets/Scripts/Upgrade_Standard.cs
  artifactKey: Guid(96943591c6d659f47844be13f8f03324) Importer(815301076,1909f56bfc062723c751e8b465ee728b)
Start importing Assets/Scripts/Upgrade_Standard.cs using Guid(96943591c6d659f47844be13f8f03324) Importer(815301076,1909f56bfc062723c751e8b465ee728b)  -> (artifact id: '7a6263aea93a8db851042c7fd7240bea') in 0.005206 seconds
  Import took 0.009362 seconds .

========================================================================
Received Import Request.
  Time since last request: 575.019957 seconds.
  path: Assets/Scripts/Upgrade_Standard.cs
  artifactKey: Guid(96943591c6d659f47844be13f8f03324) Importer(815301076,1909f56bfc062723c751e8b465ee728b)
Start importing Assets/Scripts/Upgrade_Standard.cs using Guid(96943591c6d659f47844be13f8f03324) Importer(815301076,1909f56bfc062723c751e8b465ee728b)  -> (artifact id: 'b9077b17d1b91a6560524e8b200bf71f') in 0.004060 seconds
  Import took 0.009025 seconds .

========================================================================
Received Prepare
Registering precompiled user dll's ...
Registered in 0.002271 seconds.
Begin MonoManager ReloadAssembly
Native extension for WindowsStandalone target not found
Refreshing native plugins compatible for Editor in 0.48 ms, found 0 plugins.
Preloading 0 native plugins for Editor in 0.00 ms.
Invoked RoslynAnalysisRunner static constructor.
RoslynAnalysisRunner will not be running.
RoslynAnalysisRunner has terminated.
Mono: successfully reloaded assembly
- Completed reload, in  0.903 seconds
Platform modules already initialized, skipping
Shader 'Universal Render Pipeline/Particles/Lit': fallback shader 'Universal Render Pipeline/Particles/SimpleLit' not found
Refreshing native plugins compatible for Editor in 0.43 ms, found 0 plugins.
Preloading 0 native plugins for Editor in 0.00 ms.
Unloading 2399 Unused Serialized files (Serialized files now loaded: 0)
System memory in use before: 110.9 MB.
System memory in use after: 111.1 MB.

Unloading 13 unused Assets to reduce memory usage. Loaded Objects now: 2965.
Total: 1.891800 ms (FindLiveObjects: 0.260900 ms CreateObjectMapping: 0.139100 ms MarkObjects: 1.475800 ms  DeleteObjects: 0.015300 ms)

========================================================================
Received Import Request.
  Time since last request: 407.804988 seconds.
  path: Assets/Resources/Prefabs/Upgrade_Standard.prefab
  artifactKey: Guid(bc7acdcf7a6fd0e4eb60d57bc6f3161e) Importer(815301076,1909f56bfc062723c751e8b465ee728b)
Start importing Assets/Resources/Prefabs/Upgrade_Standard.prefab using Guid(bc7acdcf7a6fd0e4eb60d57bc6f3161e) Importer(815301076,1909f56bfc062723c751e8b465ee728b)  -> (artifact id: '2e6c32c0728f3428623d99d5f120da8e') in 0.104947 seconds
  Import took 0.117440 seconds .

========================================================================
Received Import Request.
  Time since last request: 9.243119 seconds.
  path: Assets/Resources/Prefabs/Upgrade_Standard.prefab
  artifactKey: Guid(bc7acdcf7a6fd0e4eb60d57bc6f3161e) Importer(815301076,1909f56bfc062723c751e8b465ee728b)
Start importing Assets/Resources/Prefabs/Upgrade_Standard.prefab using Guid(bc7acdcf7a6fd0e4eb60d57bc6f3161e) Importer(815301076,1909f56bfc062723c751e8b465ee728b)  -> (artifact id: '9631d21e2c6096ef490fce3969ee8101') in 0.035110 seconds
  Import took 0.038892 seconds .

========================================================================
Received Import Request.
  Time since last request: 7.871619 seconds.
  path: Assets/Resources/Prefabs/Upgrade_Standard.prefab
  artifactKey: Guid(bc7acdcf7a6fd0e4eb60d57bc6f3161e) Importer(815301076,1909f56bfc062723c751e8b465ee728b)
Start importing Assets/Resources/Prefabs/Upgrade_Standard.prefab using Guid(bc7acdcf7a6fd0e4eb60d57bc6f3161e) Importer(815301076,1909f56bfc062723c751e8b465ee728b)  -> (artifact id: 'efb9952ed042592bfe13d8546d5219d8') in 0.034441 seconds
  Import took 0.038372 seconds .

========================================================================
Received Import Request.
  Time since last request: 2.166172 seconds.
  path: Assets/Resources/Prefabs/Upgrade_Standard.prefab
  artifactKey: Guid(bc7acdcf7a6fd0e4eb60d57bc6f3161e) Importer(815301076,1909f56bfc062723c751e8b465ee728b)
Start importing Assets/Resources/Prefabs/Upgrade_Standard.prefab using Guid(bc7acdcf7a6fd0e4eb60d57bc6f3161e) Importer(815301076,1909f56bfc062723c751e8b465ee728b)  -> (artifact id: '0438590fe19822a3cbd9574ac70ad8f2') in 0.034392 seconds
  Import took 0.038474 seconds .

========================================================================
Received Import Request.
  Time since last request: 8.913078 seconds.
  path: Assets/Resources/Prefabs/Upgrade_Standard.prefab
  artifactKey: Guid(bc7acdcf7a6fd0e4eb60d57bc6f3161e) Importer(815301076,1909f56bfc062723c751e8b465ee728b)
Start importing Assets/Resources/Prefabs/Upgrade_Standard.prefab using Guid(bc7acdcf7a6fd0e4eb60d57bc6f3161e) Importer(815301076,1909f56bfc062723c751e8b465ee728b)  -> (artifact id: '46a2d7b97d2da390cc57a1006a9ee866') in 0.034345 seconds
  Import took 0.038173 seconds .

========================================================================
Received Import Request.
  Time since last request: 4.708091 seconds.
  path: Assets/Resources/Prefabs/Upgrade_Standard.prefab
  artifactKey: Guid(bc7acdcf7a6fd0e4eb60d57bc6f3161e) Importer(815301076,1909f56bfc062723c751e8b465ee728b)
Start importing Assets/Resources/Prefabs/Upgrade_Standard.prefab using Guid(bc7acdcf7a6fd0e4eb60d57bc6f3161e) Importer(815301076,1909f56bfc062723c751e8b465ee728b)  -> (artifact id: '2a92b631001784be695a5d1cd74d909d') in 0.033418 seconds
  Import took 0.037388 seconds .

========================================================================
Received Import Request.
  Time since last request: 8.747983 seconds.
  path: Assets/Resources/Prefabs/Upgrade_Standard.prefab
  artifactKey: Guid(bc7acdcf7a6fd0e4eb60d57bc6f3161e) Importer(815301076,1909f56bfc062723c751e8b465ee728b)
Start importing Assets/Resources/Prefabs/Upgrade_Standard.prefab using Guid(bc7acdcf7a6fd0e4eb60d57bc6f3161e) Importer(815301076,1909f56bfc062723c751e8b465ee728b)  -> (artifact id: '977624f91b399e68e9fbc58df60bb9a8') in 0.034706 seconds
  Import took 0.043141 seconds .

========================================================================
Received Import Request.
  Time since last request: 5.716295 seconds.
  path: Assets/Resources/Prefabs/Upgrade_Standard.prefab
  artifactKey: Guid(bc7acdcf7a6fd0e4eb60d57bc6f3161e) Importer(815301076,1909f56bfc062723c751e8b465ee728b)
Start importing Assets/Resources/Prefabs/Upgrade_Standard.prefab using Guid(bc7acdcf7a6fd0e4eb60d57bc6f3161e) Importer(815301076,1909f56bfc062723c751e8b465ee728b)  -> (artifact id: '83cc0cb1ab9020a1802bde9585259e7a') in 0.037195 seconds
  Import took 0.041607 seconds .

========================================================================
Received Import Request.
  Time since last request: 6.753559 seconds.
  path: Assets/Resources/Prefabs/Upgrade_Standard.prefab
  artifactKey: Guid(bc7acdcf7a6fd0e4eb60d57bc6f3161e) Importer(815301076,1909f56bfc062723c751e8b465ee728b)
Start importing Assets/Resources/Prefabs/Upgrade_Standard.prefab using Guid(bc7acdcf7a6fd0e4eb60d57bc6f3161e) Importer(815301076,1909f56bfc062723c751e8b465ee728b)  -> (artifact id: '0682407d48106873895b6c16b183707f') in 0.034840 seconds
  Import took 0.039215 seconds .

========================================================================
Received Import Request.
  Time since last request: 5.565244 seconds.
  path: Assets/Resources/Prefabs/Upgrade_Standard.prefab
  artifactKey: Guid(bc7acdcf7a6fd0e4eb60d57bc6f3161e) Importer(815301076,1909f56bfc062723c751e8b465ee728b)
Start importing Assets/Resources/Prefabs/Upgrade_Standard.prefab using Guid(bc7acdcf7a6fd0e4eb60d57bc6f3161e) Importer(815301076,1909f56bfc062723c751e8b465ee728b)  -> (artifact id: '8fedf678ac97cb7157b283915d5c990f') in 0.033649 seconds
  Import took 0.037398 seconds .

========================================================================
Received Import Request.
  Time since last request: 3.314991 seconds.
  path: Assets/Resources/Prefabs/Upgrade_Standard.prefab
  artifactKey: Guid(bc7acdcf7a6fd0e4eb60d57bc6f3161e) Importer(815301076,1909f56bfc062723c751e8b465ee728b)
Start importing Assets/Resources/Prefabs/Upgrade_Standard.prefab using Guid(bc7acdcf7a6fd0e4eb60d57bc6f3161e) Importer(815301076,1909f56bfc062723c751e8b465ee728b)  -> (artifact id: '4fa8ae92d695fa063ae74ae43dc59318') in 0.034245 seconds
  Import took 0.038534 seconds .

========================================================================
Received Import Request.
  Time since last request: 2.067619 seconds.
  path: Assets/Resources/Prefabs/Upgrade_Standard.prefab
  artifactKey: Guid(bc7acdcf7a6fd0e4eb60d57bc6f3161e) Importer(815301076,1909f56bfc062723c751e8b465ee728b)
Start importing Assets/Resources/Prefabs/Upgrade_Standard.prefab using Guid(bc7acdcf7a6fd0e4eb60d57bc6f3161e) Importer(815301076,1909f56bfc062723c751e8b465ee728b)  -> (artifact id: '53a288ad60d6c097eecb417c5dc6d256') in 0.034550 seconds
  Import took 0.038590 seconds .

========================================================================
Received Import Request.
  Time since last request: 5.494478 seconds.
  path: Assets/Resources/Prefabs/Upgrade_Standard.prefab
  artifactKey: Guid(bc7acdcf7a6fd0e4eb60d57bc6f3161e) Importer(815301076,1909f56bfc062723c751e8b465ee728b)
Start importing Assets/Resources/Prefabs/Upgrade_Standard.prefab using Guid(bc7acdcf7a6fd0e4eb60d57bc6f3161e) Importer(815301076,1909f56bfc062723c751e8b465ee728b)  -> (artifact id: '6fefa98cfdd02a2df98df90ea8c77b2d') in 0.034849 seconds
  Import took 0.038651 seconds .

========================================================================
Received Import Request.
  Time since last request: 4.095909 seconds.
  path: Assets/Resources/Prefabs/Upgrade_Standard.prefab
  artifactKey: Guid(bc7acdcf7a6fd0e4eb60d57bc6f3161e) Importer(815301076,1909f56bfc062723c751e8b465ee728b)
Start importing Assets/Resources/Prefabs/Upgrade_Standard.prefab using Guid(bc7acdcf7a6fd0e4eb60d57bc6f3161e) Importer(815301076,1909f56bfc062723c751e8b465ee728b)  -> (artifact id: 'a4c53cca667e9eee599bf248127ca1d2') in 0.034292 seconds
  Import took 0.038151 seconds .

========================================================================
Received Prepare
Registering precompiled user dll's ...
Registered in 0.004153 seconds.
Begin MonoManager ReloadAssembly
Native extension for WindowsStandalone target not found
Refreshing native plugins compatible for Editor in 0.57 ms, found 0 plugins.
Preloading 0 native plugins for Editor in 0.00 ms.
Invoked RoslynAnalysisRunner static constructor.
RoslynAnalysisRunner will not be running.
RoslynAnalysisRunner has terminated.
Mono: successfully reloaded assembly
- Completed reload, in  0.897 seconds
Platform modules already initialized, skipping
Shader 'Universal Render Pipeline/Particles/Lit': fallback shader 'Universal Render Pipeline/Particles/SimpleLit' not found
Refreshing native plugins compatible for Editor in 0.42 ms, found 0 plugins.
Preloading 0 native plugins for Editor in 0.00 ms.
Unloading 2399 Unused Serialized files (Serialized files now loaded: 0)
System memory in use before: 111.2 MB.
System memory in use after: 111.4 MB.

Unloading 13 unused Assets to reduce memory usage. Loaded Objects now: 2967.
Total: 1.939800 ms (FindLiveObjects: 0.255500 ms CreateObjectMapping: 0.124400 ms MarkObjects: 1.542700 ms  DeleteObjects: 0.016300 ms)

========================================================================
Received Import Request.
  Time since last request: 1196.825199 seconds.
  path: Assets/Resources/Prefabs/Upgrade_Standard.prefab
  artifactKey: Guid(bc7acdcf7a6fd0e4eb60d57bc6f3161e) Importer(815301076,1909f56bfc062723c751e8b465ee728b)
Start importing Assets/Resources/Prefabs/Upgrade_Standard.prefab using Guid(bc7acdcf7a6fd0e4eb60d57bc6f3161e) Importer(815301076,1909f56bfc062723c751e8b465ee728b)  -> (artifact id: '1183be995248f3e080054463326181e1') in 0.105133 seconds
  Import took 0.133924 seconds .

========================================================================
Received Prepare
Registering precompiled user dll's ...
Registered in 0.002174 seconds.
Begin MonoManager ReloadAssembly
Native extension for WindowsStandalone target not found
Refreshing native plugins compatible for Editor in 0.42 ms, found 0 plugins.
Preloading 0 native plugins for Editor in 0.00 ms.
Invoked RoslynAnalysisRunner static constructor.
RoslynAnalysisRunner will not be running.
RoslynAnalysisRunner has terminated.
Mono: successfully reloaded assembly
- Completed reload, in  0.884 seconds
Platform modules already initialized, skipping
Shader 'Universal Render Pipeline/Particles/Lit': fallback shader 'Universal Render Pipeline/Particles/SimpleLit' not found
Refreshing native plugins compatible for Editor in 0.53 ms, found 0 plugins.
Preloading 0 native plugins for Editor in 0.00 ms.
Unloading 2400 Unused Serialized files (Serialized files now loaded: 0)
System memory in use before: 111.2 MB.
System memory in use after: 111.4 MB.

Unloading 13 unused Assets to reduce memory usage. Loaded Objects now: 2970.
Total: 1.874600 ms (FindLiveObjects: 0.250000 ms CreateObjectMapping: 0.134600 ms MarkObjects: 1.471000 ms  DeleteObjects: 0.017500 ms)

========================================================================
Received Prepare
Registering precompiled user dll's ...
Registered in 0.002405 seconds.
Begin MonoManager ReloadAssembly
Native extension for WindowsStandalone target not found
Refreshing native plugins compatible for Editor in 0.41 ms, found 0 plugins.
Preloading 0 native plugins for Editor in 0.00 ms.
Invoked RoslynAnalysisRunner static constructor.
RoslynAnalysisRunner will not be running.
RoslynAnalysisRunner has terminated.
Mono: successfully reloaded assembly
- Completed reload, in  0.814 seconds
Platform modules already initialized, skipping
Shader 'Universal Render Pipeline/Particles/Lit': fallback shader 'Universal Render Pipeline/Particles/SimpleLit' not found
Refreshing native plugins compatible for Editor in 0.43 ms, found 0 plugins.
Preloading 0 native plugins for Editor in 0.00 ms.
Unloading 2400 Unused Serialized files (Serialized files now loaded: 0)
System memory in use before: 111.2 MB.
System memory in use after: 111.4 MB.

Unloading 13 unused Assets to reduce memory usage. Loaded Objects now: 2972.
Total: 2.279900 ms (FindLiveObjects: 0.320300 ms CreateObjectMapping: 0.158400 ms MarkObjects: 1.779800 ms  DeleteObjects: 0.020200 ms)

========================================================================
Received Import Request.
  Time since last request: 5668.263684 seconds.
  path: Assets/Resources/Prefabs/CritClick.prefab
  artifactKey: Guid(ca40c38d50693a04ab1ee96ddcade7b1) Importer(815301076,1909f56bfc062723c751e8b465ee728b)
Start importing Assets/Resources/Prefabs/CritClick.prefab using Guid(ca40c38d50693a04ab1ee96ddcade7b1) Importer(815301076,1909f56bfc062723c751e8b465ee728b)  -> (artifact id: '4406f494ff3f0f8325e039b018685f48') in 0.074162 seconds
  Import took 0.078061 seconds .

========================================================================
Received Import Request.
  Time since last request: 0.001917 seconds.
  path: Assets/Resources/Prefabs/CritClick.prefab
  artifactKey: Guid(ca40c38d50693a04ab1ee96ddcade7b1) Importer(815301076,1909f56bfc062723c751e8b465ee728b)
Start importing Assets/Resources/Prefabs/CritClick.prefab using Guid(ca40c38d50693a04ab1ee96ddcade7b1) Importer(815301076,1909f56bfc062723c751e8b465ee728b)  -> (artifact id: '4406f494ff3f0f8325e039b018685f48') in 0.023245 seconds
  Import took 0.027286 seconds .

========================================================================
Received Import Request.
  Time since last request: 115.997059 seconds.
  path: Assets/Resources/Prefabs/CritClick.prefab
  artifactKey: Guid(ca40c38d50693a04ab1ee96ddcade7b1) Importer(815301076,1909f56bfc062723c751e8b465ee728b)
Start importing Assets/Resources/Prefabs/CritClick.prefab using Guid(ca40c38d50693a04ab1ee96ddcade7b1) Importer(815301076,1909f56bfc062723c751e8b465ee728b)  -> (artifact id: '0bfb85e27ac29ee456cabd663f54b46e') in 0.022447 seconds
  Import took 0.036558 seconds .

========================================================================
Received Import Request.
  Time since last request: 1.855015 seconds.
  path: Assets/Resources/Prefabs/CritClick.prefab
  artifactKey: Guid(ca40c38d50693a04ab1ee96ddcade7b1) Importer(815301076,1909f56bfc062723c751e8b465ee728b)
Start importing Assets/Resources/Prefabs/CritClick.prefab using Guid(ca40c38d50693a04ab1ee96ddcade7b1) Importer(815301076,1909f56bfc062723c751e8b465ee728b)  -> (artifact id: '775ec79e391d42953652aa0887e5562e') in 0.025076 seconds
  Import took 0.033663 seconds .

========================================================================
Received Prepare
Registering precompiled user dll's ...
Registered in 0.002292 seconds.
Begin MonoManager ReloadAssembly
Native extension for WindowsStandalone target not found
Refreshing native plugins compatible for Editor in 0.43 ms, found 0 plugins.
Preloading 0 native plugins for Editor in 0.00 ms.
Invoked RoslynAnalysisRunner static constructor.
RoslynAnalysisRunner will not be running.
RoslynAnalysisRunner has terminated.
Mono: successfully reloaded assembly
- Completed reload, in  0.833 seconds
Platform modules already initialized, skipping
Shader 'Universal Render Pipeline/Particles/Lit': fallback shader 'Universal Render Pipeline/Particles/SimpleLit' not found
Refreshing native plugins compatible for Editor in 0.43 ms, found 0 plugins.
Preloading 0 native plugins for Editor in 0.00 ms.
Unloading 2400 Unused Serialized files (Serialized files now loaded: 0)
System memory in use before: 111.1 MB.
System memory in use after: 111.4 MB.

Unloading 13 unused Assets to reduce memory usage. Loaded Objects now: 2974.
Total: 1.923100 ms (FindLiveObjects: 0.257200 ms CreateObjectMapping: 0.135100 ms MarkObjects: 1.513100 ms  DeleteObjects: 0.016500 ms)

========================================================================
Received Prepare
Registering precompiled user dll's ...
Registered in 0.002409 seconds.
Begin MonoManager ReloadAssembly
Native extension for WindowsStandalone target not found
Refreshing native plugins compatible for Editor in 0.42 ms, found 0 plugins.
Preloading 0 native plugins for Editor in 0.00 ms.
Invoked RoslynAnalysisRunner static constructor.
RoslynAnalysisRunner will not be running.
RoslynAnalysisRunner has terminated.
Mono: successfully reloaded assembly
- Completed reload, in  0.816 seconds
Platform modules already initialized, skipping
Shader 'Universal Render Pipeline/Particles/Lit': fallback shader 'Universal Render Pipeline/Particles/SimpleLit' not found
Refreshing native plugins compatible for Editor in 0.42 ms, found 0 plugins.
Preloading 0 native plugins for Editor in 0.00 ms.
Unloading 2400 Unused Serialized files (Serialized files now loaded: 0)
System memory in use before: 111.2 MB.
System memory in use after: 111.5 MB.

Unloading 13 unused Assets to reduce memory usage. Loaded Objects now: 2976.
Total: 2.146000 ms (FindLiveObjects: 0.243400 ms CreateObjectMapping: 0.118600 ms MarkObjects: 1.733400 ms  DeleteObjects: 0.049600 ms)

========================================================================
Received Import Request.
  Time since last request: 374.132930 seconds.
  path: Assets/Resources/Prefabs/CritClick.prefab
  artifactKey: Guid(ca40c38d50693a04ab1ee96ddcade7b1) Importer(815301076,1909f56bfc062723c751e8b465ee728b)
Start importing Assets/Resources/Prefabs/CritClick.prefab using Guid(ca40c38d50693a04ab1ee96ddcade7b1) Importer(815301076,1909f56bfc062723c751e8b465ee728b)  -> (artifact id: '844b1e53c39b6f7d9b585795c387ba6e') in 0.061104 seconds
  Import took 0.065303 seconds .

========================================================================
Received Import Request.
  Time since last request: 0.002132 seconds.
  path: Assets/Resources/Prefabs/CritClick.prefab
  artifactKey: Guid(ca40c38d50693a04ab1ee96ddcade7b1) Importer(815301076,1909f56bfc062723c751e8b465ee728b)
Start importing Assets/Resources/Prefabs/CritClick.prefab using Guid(ca40c38d50693a04ab1ee96ddcade7b1) Importer(815301076,1909f56bfc062723c751e8b465ee728b)  -> (artifact id: '844b1e53c39b6f7d9b585795c387ba6e') in 0.018707 seconds
  Import took 0.022398 seconds .

========================================================================
Received Import Request.
  Time since last request: 118.450967 seconds.
  path: Assets/Resources/Prefabs/Crit.prefab
  artifactKey: Guid(659df51104bf1f944abc8a70e23ba158) Importer(815301076,1909f56bfc062723c751e8b465ee728b)
Start importing Assets/Resources/Prefabs/Crit.prefab using Guid(659df51104bf1f944abc8a70e23ba158) Importer(815301076,1909f56bfc062723c751e8b465ee728b)  -> (artifact id: '4aea2067dc13ba914dc667c411d9ffa0') in 0.024152 seconds
  Import took 0.028383 seconds .

========================================================================
Received Import Request.
  Time since last request: 0.001824 seconds.
  path: Assets/Resources/Prefabs/Crit.prefab
  artifactKey: Guid(659df51104bf1f944abc8a70e23ba158) Importer(815301076,1909f56bfc062723c751e8b465ee728b)
Start importing Assets/Resources/Prefabs/Crit.prefab using Guid(659df51104bf1f944abc8a70e23ba158) Importer(815301076,1909f56bfc062723c751e8b465ee728b)  -> (artifact id: '4aea2067dc13ba914dc667c411d9ffa0') in 0.017845 seconds
  Import took 0.021879 seconds .

========================================================================
Received Import Request.
  Time since last request: 9.526626 seconds.
  path: Assets/Resources/Prefabs/Crit.prefab
  artifactKey: Guid(659df51104bf1f944abc8a70e23ba158) Importer(815301076,1909f56bfc062723c751e8b465ee728b)
Start importing Assets/Resources/Prefabs/Crit.prefab using Guid(659df51104bf1f944abc8a70e23ba158) Importer(815301076,1909f56bfc062723c751e8b465ee728b)  -> (artifact id: '37fd92d1cb05d38f74025b581fac559e') in 0.018310 seconds
  Import took 0.025722 seconds .

========================================================================
Received Import Request.
  Time since last request: 9.092617 seconds.
  path: Assets/Resources/Prefabs/Crit.prefab
  artifactKey: Guid(659df51104bf1f944abc8a70e23ba158) Importer(815301076,1909f56bfc062723c751e8b465ee728b)
Start importing Assets/Resources/Prefabs/Crit.prefab using Guid(659df51104bf1f944abc8a70e23ba158) Importer(815301076,1909f56bfc062723c751e8b465ee728b)  -> (artifact id: '4fc2d9f9abbe7ffe4600bc9804ebe526') in 0.017706 seconds
  Import took 0.021519 seconds .

========================================================================
Received Import Request.
  Time since last request: 3.012499 seconds.
  path: Assets/Resources/Prefabs/Crit.prefab
  artifactKey: Guid(659df51104bf1f944abc8a70e23ba158) Importer(815301076,1909f56bfc062723c751e8b465ee728b)
Start importing Assets/Resources/Prefabs/Crit.prefab using Guid(659df51104bf1f944abc8a70e23ba158) Importer(815301076,1909f56bfc062723c751e8b465ee728b)  -> (artifact id: '0d1b0bab00d4cbe28e3c479e704117fd') in 0.018487 seconds
  Import took 0.022815 seconds .

========================================================================
Received Import Request.
  Time since last request: 1.837688 seconds.
  path: Assets/Resources/Prefabs/Crit.prefab
  artifactKey: Guid(659df51104bf1f944abc8a70e23ba158) Importer(815301076,1909f56bfc062723c751e8b465ee728b)
Start importing Assets/Resources/Prefabs/Crit.prefab using Guid(659df51104bf1f944abc8a70e23ba158) Importer(815301076,1909f56bfc062723c751e8b465ee728b)  -> (artifact id: '795fabc3f53e9bb2e97ce8c0e11dd747') in 0.019596 seconds
  Import took 0.025912 seconds .

========================================================================
Received Import Request.
  Time since last request: 4.228112 seconds.
  path: Assets/Resources/Prefabs/Crit.prefab
  artifactKey: Guid(659df51104bf1f944abc8a70e23ba158) Importer(815301076,1909f56bfc062723c751e8b465ee728b)
Start importing Assets/Resources/Prefabs/Crit.prefab using Guid(659df51104bf1f944abc8a70e23ba158) Importer(815301076,1909f56bfc062723c751e8b465ee728b)  -> (artifact id: 'c05cdc01838c1db24cf3c7bf816f9e02') in 0.016530 seconds
  Import took 0.020544 seconds .

========================================================================
Received Import Request.
  Time since last request: 1.442280 seconds.
  path: Assets/Resources/Prefabs/Crit.prefab
  artifactKey: Guid(659df51104bf1f944abc8a70e23ba158) Importer(815301076,1909f56bfc062723c751e8b465ee728b)
Start importing Assets/Resources/Prefabs/Crit.prefab using Guid(659df51104bf1f944abc8a70e23ba158) Importer(815301076,1909f56bfc062723c751e8b465ee728b)  -> (artifact id: 'c8aca839272e04164ee5d523a5735d51') in 0.018388 seconds
  Import took 0.022517 seconds .

========================================================================
Received Import Request.
  Time since last request: 2.436745 seconds.
  path: Assets/Resources/Prefabs/Crit.prefab
  artifactKey: Guid(659df51104bf1f944abc8a70e23ba158) Importer(815301076,1909f56bfc062723c751e8b465ee728b)
Start importing Assets/Resources/Prefabs/Crit.prefab using Guid(659df51104bf1f944abc8a70e23ba158) Importer(815301076,1909f56bfc062723c751e8b465ee728b)  -> (artifact id: '34a187752f118617a33237486f4ce21d') in 0.018501 seconds
  Import took 0.022387 seconds .

========================================================================
Received Import Request.
  Time since last request: 2.635179 seconds.
  path: Assets/Resources/Prefabs/Crit.prefab
  artifactKey: Guid(659df51104bf1f944abc8a70e23ba158) Importer(815301076,1909f56bfc062723c751e8b465ee728b)
Start importing Assets/Resources/Prefabs/Crit.prefab using Guid(659df51104bf1f944abc8a70e23ba158) Importer(815301076,1909f56bfc062723c751e8b465ee728b)  -> (artifact id: '04cd6af19d027ca9cdbde07e309600e2') in 0.017655 seconds
  Import took 0.021499 seconds .

========================================================================
Received Import Request.
  Time since last request: 2.034968 seconds.
  path: Assets/Resources/Prefabs/Crit.prefab
  artifactKey: Guid(659df51104bf1f944abc8a70e23ba158) Importer(815301076,1909f56bfc062723c751e8b465ee728b)
Start importing Assets/Resources/Prefabs/Crit.prefab using Guid(659df51104bf1f944abc8a70e23ba158) Importer(815301076,1909f56bfc062723c751e8b465ee728b)  -> (artifact id: '20ad5b3c20d602fe349289a328f0b249') in 0.016991 seconds
  Import took 0.031145 seconds .

========================================================================
Received Import Request.
  Time since last request: 14.109933 seconds.
  path: Assets/Resources/Prefabs/Crit.prefab
  artifactKey: Guid(659df51104bf1f944abc8a70e23ba158) Importer(815301076,1909f56bfc062723c751e8b465ee728b)
Start importing Assets/Resources/Prefabs/Crit.prefab using Guid(659df51104bf1f944abc8a70e23ba158) Importer(815301076,1909f56bfc062723c751e8b465ee728b)  -> (artifact id: 'f1258c40d42dd3555bc957c4c1a4da6a') in 0.018608 seconds
  Import took 0.022564 seconds .

========================================================================
Received Prepare
Registering precompiled user dll's ...
Registered in 0.002199 seconds.
Begin MonoManager ReloadAssembly
Native extension for WindowsStandalone target not found
Refreshing native plugins compatible for Editor in 0.42 ms, found 0 plugins.
Preloading 0 native plugins for Editor in 0.00 ms.
Invoked RoslynAnalysisRunner static constructor.
RoslynAnalysisRunner will not be running.
RoslynAnalysisRunner has terminated.
Mono: successfully reloaded assembly
- Completed reload, in  0.801 seconds
Platform modules already initialized, skipping
Shader 'Universal Render Pipeline/Particles/Lit': fallback shader 'Universal Render Pipeline/Particles/SimpleLit' not found
Refreshing native plugins compatible for Editor in 0.42 ms, found 0 plugins.
Preloading 0 native plugins for Editor in 0.00 ms.
Unloading 2400 Unused Serialized files (Serialized files now loaded: 0)
System memory in use before: 111.3 MB.
System memory in use after: 111.5 MB.

Unloading 13 unused Assets to reduce memory usage. Loaded Objects now: 2978.
Total: 2.129900 ms (FindLiveObjects: 0.265300 ms CreateObjectMapping: 0.123900 ms MarkObjects: 1.721500 ms  DeleteObjects: 0.018500 ms)

========================================================================
Received Import Request.
  Time since last request: 622.915905 seconds.
  path: Assets/Resources/Prefabs/Crit.prefab
  artifactKey: Guid(659df51104bf1f944abc8a70e23ba158) Importer(815301076,1909f56bfc062723c751e8b465ee728b)
Start importing Assets/Resources/Prefabs/Crit.prefab using Guid(659df51104bf1f944abc8a70e23ba158) Importer(815301076,1909f56bfc062723c751e8b465ee728b)  -> (artifact id: '00f69f6351d46a51208669ca922c4b68') in 0.059709 seconds
  Import took 0.063603 seconds .

========================================================================
Received Import Request.
  Time since last request: 4.340635 seconds.
  path: Assets/Resources/Prefabs/Crit.prefab
  artifactKey: Guid(659df51104bf1f944abc8a70e23ba158) Importer(815301076,1909f56bfc062723c751e8b465ee728b)
Start importing Assets/Resources/Prefabs/Crit.prefab using Guid(659df51104bf1f944abc8a70e23ba158) Importer(815301076,1909f56bfc062723c751e8b465ee728b)  -> (artifact id: '1748a7f32e77f146f4220791381bb95f') in 0.017580 seconds
  Import took 0.047870 seconds .

========================================================================
Received Prepare
Registering precompiled user dll's ...
Registered in 0.002227 seconds.
Begin MonoManager ReloadAssembly
Native extension for WindowsStandalone target not found
Refreshing native plugins compatible for Editor in 0.44 ms, found 0 plugins.
Preloading 0 native plugins for Editor in 0.00 ms.
Invoked RoslynAnalysisRunner static constructor.
RoslynAnalysisRunner will not be running.
RoslynAnalysisRunner has terminated.
Mono: successfully reloaded assembly
- Completed reload, in  0.803 seconds
Platform modules already initialized, skipping
Shader 'Universal Render Pipeline/Particles/Lit': fallback shader 'Universal Render Pipeline/Particles/SimpleLit' not found
Refreshing native plugins compatible for Editor in 0.42 ms, found 0 plugins.
Preloading 0 native plugins for Editor in 0.00 ms.
Unloading 2400 Unused Serialized files (Serialized files now loaded: 0)
System memory in use before: 111.3 MB.
System memory in use after: 111.5 MB.

Unloading 13 unused Assets to reduce memory usage. Loaded Objects now: 2980.
Total: 2.657100 ms (FindLiveObjects: 0.350200 ms CreateObjectMapping: 0.201200 ms MarkObjects: 2.085800 ms  DeleteObjects: 0.018900 ms)

========================================================================
Received Prepare
Registering precompiled user dll's ...
Registered in 0.003370 seconds.
Begin MonoManager ReloadAssembly
Native extension for WindowsStandalone target not found
Refreshing native plugins compatible for Editor in 0.44 ms, found 0 plugins.
Preloading 0 native plugins for Editor in 0.00 ms.
Invoked RoslynAnalysisRunner static constructor.
RoslynAnalysisRunner will not be running.
RoslynAnalysisRunner has terminated.
Mono: successfully reloaded assembly
- Completed reload, in  0.804 seconds
Platform modules already initialized, skipping
Shader 'Universal Render Pipeline/Particles/Lit': fallback shader 'Universal Render Pipeline/Particles/SimpleLit' not found
Refreshing native plugins compatible for Editor in 0.50 ms, found 0 plugins.
Preloading 0 native plugins for Editor in 0.00 ms.
Unloading 2400 Unused Serialized files (Serialized files now loaded: 0)
System memory in use before: 111.3 MB.
System memory in use after: 111.5 MB.

Unloading 13 unused Assets to reduce memory usage. Loaded Objects now: 2982.
Total: 2.686800 ms (FindLiveObjects: 0.397900 ms CreateObjectMapping: 0.264100 ms MarkObjects: 2.004800 ms  DeleteObjects: 0.018600 ms)

========================================================================
Received Prepare
Registering precompiled user dll's ...
Registered in 0.002195 seconds.
Begin MonoManager ReloadAssembly
Native extension for WindowsStandalone target not found
Refreshing native plugins compatible for Editor in 0.42 ms, found 0 plugins.
Preloading 0 native plugins for Editor in 0.00 ms.
Invoked RoslynAnalysisRunner static constructor.
RoslynAnalysisRunner will not be running.
RoslynAnalysisRunner has terminated.
Mono: successfully reloaded assembly
- Completed reload, in  0.790 seconds
Platform modules already initialized, skipping
Shader 'Universal Render Pipeline/Particles/Lit': fallback shader 'Universal Render Pipeline/Particles/SimpleLit' not found
Refreshing native plugins compatible for Editor in 0.44 ms, found 0 plugins.
Preloading 0 native plugins for Editor in 0.00 ms.
Unloading 2400 Unused Serialized files (Serialized files now loaded: 0)
System memory in use before: 111.2 MB.
System memory in use after: 111.4 MB.

Unloading 13 unused Assets to reduce memory usage. Loaded Objects now: 2984.
Total: 2.369000 ms (FindLiveObjects: 0.297100 ms CreateObjectMapping: 0.143000 ms MarkObjects: 1.902000 ms  DeleteObjects: 0.025600 ms)

========================================================================
Received Prepare
Registering precompiled user dll's ...
Registered in 0.002218 seconds.
Begin MonoManager ReloadAssembly
Native extension for WindowsStandalone target not found
Refreshing native plugins compatible for Editor in 0.45 ms, found 0 plugins.
Preloading 0 native plugins for Editor in 0.00 ms.
Invoked RoslynAnalysisRunner static constructor.
RoslynAnalysisRunner will not be running.
RoslynAnalysisRunner has terminated.
Mono: successfully reloaded assembly
- Completed reload, in  0.841 seconds
Platform modules already initialized, skipping
Shader 'Universal Render Pipeline/Particles/Lit': fallback shader 'Universal Render Pipeline/Particles/SimpleLit' not found
Refreshing native plugins compatible for Editor in 0.42 ms, found 0 plugins.
Preloading 0 native plugins for Editor in 0.00 ms.
Unloading 2400 Unused Serialized files (Serialized files now loaded: 0)
System memory in use before: 111.3 MB.
System memory in use after: 111.5 MB.

Unloading 13 unused Assets to reduce memory usage. Loaded Objects now: 2986.
Total: 2.126700 ms (FindLiveObjects: 0.261400 ms CreateObjectMapping: 0.149600 ms MarkObjects: 1.696500 ms  DeleteObjects: 0.018300 ms)

========================================================================
Received Prepare
Registering precompiled user dll's ...
Registered in 0.002204 seconds.
Begin MonoManager ReloadAssembly
Native extension for WindowsStandalone target not found
Refreshing native plugins compatible for Editor in 0.43 ms, found 0 plugins.
Preloading 0 native plugins for Editor in 0.00 ms.
Invoked RoslynAnalysisRunner static constructor.
RoslynAnalysisRunner will not be running.
RoslynAnalysisRunner has terminated.
Mono: successfully reloaded assembly
- Completed reload, in  0.793 seconds
Platform modules already initialized, skipping
Shader 'Universal Render Pipeline/Particles/Lit': fallback shader 'Universal Render Pipeline/Particles/SimpleLit' not found
Refreshing native plugins compatible for Editor in 0.42 ms, found 0 plugins.
Preloading 0 native plugins for Editor in 0.00 ms.
Unloading 2400 Unused Serialized files (Serialized files now loaded: 0)
System memory in use before: 111.3 MB.
System memory in use after: 111.5 MB.

Unloading 13 unused Assets to reduce memory usage. Loaded Objects now: 2988.
Total: 1.998300 ms (FindLiveObjects: 0.225700 ms CreateObjectMapping: 0.108700 ms MarkObjects: 1.646100 ms  DeleteObjects: 0.017300 ms)

========================================================================
Received Prepare
Registering precompiled user dll's ...
Registered in 0.002357 seconds.
Begin MonoManager ReloadAssembly
Native extension for WindowsStandalone target not found
Refreshing native plugins compatible for Editor in 0.43 ms, found 0 plugins.
Preloading 0 native plugins for Editor in 0.00 ms.
Invoked RoslynAnalysisRunner static constructor.
RoslynAnalysisRunner will not be running.
RoslynAnalysisRunner has terminated.
Mono: successfully reloaded assembly
- Completed reload, in  0.808 seconds
Platform modules already initialized, skipping
Shader 'Universal Render Pipeline/Particles/Lit': fallback shader 'Universal Render Pipeline/Particles/SimpleLit' not found
Refreshing native plugins compatible for Editor in 0.42 ms, found 0 plugins.
Preloading 0 native plugins for Editor in 0.00 ms.
Unloading 2400 Unused Serialized files (Serialized files now loaded: 0)
System memory in use before: 111.3 MB.
System memory in use after: 111.5 MB.

Unloading 13 unused Assets to reduce memory usage. Loaded Objects now: 2990.
Total: 1.996600 ms (FindLiveObjects: 0.249400 ms CreateObjectMapping: 0.131800 ms MarkObjects: 1.594700 ms  DeleteObjects: 0.020000 ms)

========================================================================
Received Prepare
Registering precompiled user dll's ...
Registered in 0.002188 seconds.
Begin MonoManager ReloadAssembly
Native extension for WindowsStandalone target not found
Refreshing native plugins compatible for Editor in 0.42 ms, found 0 plugins.
Preloading 0 native plugins for Editor in 0.00 ms.
Invoked RoslynAnalysisRunner static constructor.
RoslynAnalysisRunner will not be running.
RoslynAnalysisRunner has terminated.
Mono: successfully reloaded assembly
- Completed reload, in  0.798 seconds
Platform modules already initialized, skipping
Shader 'Universal Render Pipeline/Particles/Lit': fallback shader 'Universal Render Pipeline/Particles/SimpleLit' not found
Refreshing native plugins compatible for Editor in 0.43 ms, found 0 plugins.
Preloading 0 native plugins for Editor in 0.00 ms.
Unloading 2400 Unused Serialized files (Serialized files now loaded: 0)
System memory in use before: 111.3 MB.
System memory in use after: 111.5 MB.

Unloading 13 unused Assets to reduce memory usage. Loaded Objects now: 2992.
Total: 1.909600 ms (FindLiveObjects: 0.233500 ms CreateObjectMapping: 0.115200 ms MarkObjects: 1.543900 ms  DeleteObjects: 0.016300 ms)

========================================================================
Received Prepare
Registering precompiled user dll's ...
Registered in 0.002198 seconds.
Begin MonoManager ReloadAssembly
Native extension for WindowsStandalone target not found
Refreshing native plugins compatible for Editor in 0.43 ms, found 0 plugins.
Preloading 0 native plugins for Editor in 0.00 ms.
Invoked RoslynAnalysisRunner static constructor.
RoslynAnalysisRunner will not be running.
RoslynAnalysisRunner has terminated.
Mono: successfully reloaded assembly
- Completed reload, in  0.795 seconds
Platform modules already initialized, skipping
Shader 'Universal Render Pipeline/Particles/Lit': fallback shader 'Universal Render Pipeline/Particles/SimpleLit' not found
Refreshing native plugins compatible for Editor in 0.42 ms, found 0 plugins.
Preloading 0 native plugins for Editor in 0.00 ms.
Unloading 2400 Unused Serialized files (Serialized files now loaded: 0)
System memory in use before: 111.2 MB.
System memory in use after: 111.4 MB.

Unloading 13 unused Assets to reduce memory usage. Loaded Objects now: 2994.
Total: 2.118200 ms (FindLiveObjects: 0.254300 ms CreateObjectMapping: 0.126300 ms MarkObjects: 1.717800 ms  DeleteObjects: 0.019000 ms)

========================================================================
Received Prepare
Registering precompiled user dll's ...
Registered in 0.002200 seconds.
Begin MonoManager ReloadAssembly
Native extension for WindowsStandalone target not found
Refreshing native plugins compatible for Editor in 0.48 ms, found 0 plugins.
Preloading 0 native plugins for Editor in 0.00 ms.
Invoked RoslynAnalysisRunner static constructor.
RoslynAnalysisRunner will not be running.
RoslynAnalysisRunner has terminated.
Mono: successfully reloaded assembly
- Completed reload, in  0.805 seconds
Platform modules already initialized, skipping
Shader 'Universal Render Pipeline/Particles/Lit': fallback shader 'Universal Render Pipeline/Particles/SimpleLit' not found
Refreshing native plugins compatible for Editor in 0.43 ms, found 0 plugins.
Preloading 0 native plugins for Editor in 0.00 ms.
Unloading 2400 Unused Serialized files (Serialized files now loaded: 0)
System memory in use before: 111.3 MB.
System memory in use after: 111.5 MB.

Unloading 13 unused Assets to reduce memory usage. Loaded Objects now: 2996.
Total: 2.094000 ms (FindLiveObjects: 0.243500 ms CreateObjectMapping: 0.158300 ms MarkObjects: 1.673500 ms  DeleteObjects: 0.017800 ms)

========================================================================
Received Prepare
Registering precompiled user dll's ...
Registered in 0.002187 seconds.
Begin MonoManager ReloadAssembly
Native extension for WindowsStandalone target not found
Refreshing native plugins compatible for Editor in 0.51 ms, found 0 plugins.
Preloading 0 native plugins for Editor in 0.00 ms.
Invoked RoslynAnalysisRunner static constructor.
RoslynAnalysisRunner will not be running.
RoslynAnalysisRunner has terminated.
Mono: successfully reloaded assembly
- Completed reload, in  0.799 seconds
Platform modules already initialized, skipping
Shader 'Universal Render Pipeline/Particles/Lit': fallback shader 'Universal Render Pipeline/Particles/SimpleLit' not found
Refreshing native plugins compatible for Editor in 0.43 ms, found 0 plugins.
Preloading 0 native plugins for Editor in 0.00 ms.
Unloading 2400 Unused Serialized files (Serialized files now loaded: 0)
System memory in use before: 111.3 MB.
System memory in use after: 111.5 MB.

Unloading 13 unused Assets to reduce memory usage. Loaded Objects now: 2998.
Total: 2.309100 ms (FindLiveObjects: 0.248500 ms CreateObjectMapping: 0.120400 ms MarkObjects: 1.921000 ms  DeleteObjects: 0.018300 ms)

========================================================================
Received Prepare
Registering precompiled user dll's ...
Registered in 0.002700 seconds.
Begin MonoManager ReloadAssembly
Native extension for WindowsStandalone target not found
Refreshing native plugins compatible for Editor in 0.41 ms, found 0 plugins.
Preloading 0 native plugins for Editor in 0.00 ms.
Invoked RoslynAnalysisRunner static constructor.
RoslynAnalysisRunner will not be running.
RoslynAnalysisRunner has terminated.
Mono: successfully reloaded assembly
- Completed reload, in  0.812 seconds
Platform modules already initialized, skipping
Shader 'Universal Render Pipeline/Particles/Lit': fallback shader 'Universal Render Pipeline/Particles/SimpleLit' not found
Refreshing native plugins compatible for Editor in 0.43 ms, found 0 plugins.
Preloading 0 native plugins for Editor in 0.00 ms.
Unloading 2400 Unused Serialized files (Serialized files now loaded: 0)
System memory in use before: 111.3 MB.
System memory in use after: 111.5 MB.

Unloading 13 unused Assets to reduce memory usage. Loaded Objects now: 3000.
Total: 1.994300 ms (FindLiveObjects: 0.252700 ms CreateObjectMapping: 0.126800 ms MarkObjects: 1.597000 ms  DeleteObjects: 0.016900 ms)

========================================================================
Received Prepare
Registering precompiled user dll's ...
Registered in 0.002275 seconds.
Begin MonoManager ReloadAssembly
Native extension for WindowsStandalone target not found
Refreshing native plugins compatible for Editor in 0.43 ms, found 0 plugins.
Preloading 0 native plugins for Editor in 0.00 ms.
Invoked RoslynAnalysisRunner static constructor.
RoslynAnalysisRunner will not be running.
RoslynAnalysisRunner has terminated.
Mono: successfully reloaded assembly
- Completed reload, in  0.807 seconds
Platform modules already initialized, skipping
Shader 'Universal Render Pipeline/Particles/Lit': fallback shader 'Universal Render Pipeline/Particles/SimpleLit' not found
Refreshing native plugins compatible for Editor in 0.42 ms, found 0 plugins.
Preloading 0 native plugins for Editor in 0.00 ms.
Unloading 2400 Unused Serialized files (Serialized files now loaded: 0)
System memory in use before: 111.3 MB.
System memory in use after: 111.6 MB.

Unloading 13 unused Assets to reduce memory usage. Loaded Objects now: 3002.
Total: 1.948200 ms (FindLiveObjects: 0.230600 ms CreateObjectMapping: 0.123600 ms MarkObjects: 1.576600 ms  DeleteObjects: 0.016400 ms)

========================================================================
Received Prepare
Registering precompiled user dll's ...
Registered in 0.002658 seconds.
Begin MonoManager ReloadAssembly
Native extension for WindowsStandalone target not found
Refreshing native plugins compatible for Editor in 0.42 ms, found 0 plugins.
Preloading 0 native plugins for Editor in 0.00 ms.
Invoked RoslynAnalysisRunner static constructor.
RoslynAnalysisRunner will not be running.
RoslynAnalysisRunner has terminated.
Mono: successfully reloaded assembly
- Completed reload, in  0.799 seconds
Platform modules already initialized, skipping
Shader 'Universal Render Pipeline/Particles/Lit': fallback shader 'Universal Render Pipeline/Particles/SimpleLit' not found
Refreshing native plugins compatible for Editor in 0.44 ms, found 0 plugins.
Preloading 0 native plugins for Editor in 0.00 ms.
Unloading 2400 Unused Serialized files (Serialized files now loaded: 0)
System memory in use before: 111.2 MB.
System memory in use after: 111.5 MB.

Unloading 13 unused Assets to reduce memory usage. Loaded Objects now: 3004.
Total: 2.227200 ms (FindLiveObjects: 0.258300 ms CreateObjectMapping: 0.132100 ms MarkObjects: 1.817200 ms  DeleteObjects: 0.018400 ms)

========================================================================
Received Prepare
Registering precompiled user dll's ...
Registered in 0.002193 seconds.
Begin MonoManager ReloadAssembly
Native extension for WindowsStandalone target not found
Refreshing native plugins compatible for Editor in 0.44 ms, found 0 plugins.
Preloading 0 native plugins for Editor in 0.00 ms.
Invoked RoslynAnalysisRunner static constructor.
RoslynAnalysisRunner will not be running.
RoslynAnalysisRunner has terminated.
Mono: successfully reloaded assembly
- Completed reload, in  0.777 seconds
Platform modules already initialized, skipping
Shader 'Universal Render Pipeline/Particles/Lit': fallback shader 'Universal Render Pipeline/Particles/SimpleLit' not found
Refreshing native plugins compatible for Editor in 0.45 ms, found 0 plugins.
Preloading 0 native plugins for Editor in 0.00 ms.
Unloading 2400 Unused Serialized files (Serialized files now loaded: 0)
System memory in use before: 111.4 MB.
System memory in use after: 111.6 MB.

Unloading 13 unused Assets to reduce memory usage. Loaded Objects now: 3006.
Total: 2.089100 ms (FindLiveObjects: 0.253300 ms CreateObjectMapping: 0.137400 ms MarkObjects: 1.676300 ms  DeleteObjects: 0.021200 ms)

========================================================================
Received Import Request.
  Time since last request: 6513.093021 seconds.
  path: Assets/Resources/Prefabs/Crit.prefab
  artifactKey: Guid(659df51104bf1f944abc8a70e23ba158) Importer(815301076,1909f56bfc062723c751e8b465ee728b)
Start importing Assets/Resources/Prefabs/Crit.prefab using Guid(659df51104bf1f944abc8a70e23ba158) Importer(815301076,1909f56bfc062723c751e8b465ee728b)  -> (artifact id: 'cb54b1453d3425074e2b3f0cd91cd3fa') in 0.070179 seconds
  Import took 0.073938 seconds .

========================================================================
Received Import Request.
  Time since last request: 26.393131 seconds.
  path: Assets/Resources/Prefabs/Crit.prefab
  artifactKey: Guid(659df51104bf1f944abc8a70e23ba158) Importer(815301076,1909f56bfc062723c751e8b465ee728b)
Start importing Assets/Resources/Prefabs/Crit.prefab using Guid(659df51104bf1f944abc8a70e23ba158) Importer(815301076,1909f56bfc062723c751e8b465ee728b)  -> (artifact id: 'ead8f5df4a7902490b054d110ebb8fe5') in 0.035348 seconds
  Import took 0.050997 seconds .

========================================================================
Received Prepare
Registering precompiled user dll's ...
Registered in 0.002190 seconds.
Begin MonoManager ReloadAssembly
Native extension for WindowsStandalone target not found
Refreshing native plugins compatible for Editor in 0.43 ms, found 0 plugins.
Preloading 0 native plugins for Editor in 0.00 ms.
Invoked RoslynAnalysisRunner static constructor.
RoslynAnalysisRunner will not be running.
RoslynAnalysisRunner has terminated.
Mono: successfully reloaded assembly
- Completed reload, in  0.815 seconds
Platform modules already initialized, skipping
Shader 'Universal Render Pipeline/Particles/Lit': fallback shader 'Universal Render Pipeline/Particles/SimpleLit' not found
Refreshing native plugins compatible for Editor in 0.43 ms, found 0 plugins.
Preloading 0 native plugins for Editor in 0.00 ms.
Unloading 2400 Unused Serialized files (Serialized files now loaded: 0)
System memory in use before: 111.4 MB.
System memory in use after: 111.6 MB.

Unloading 13 unused Assets to reduce memory usage. Loaded Objects now: 3008.
Total: 2.098300 ms (FindLiveObjects: 0.260900 ms CreateObjectMapping: 0.123600 ms MarkObjects: 1.694800 ms  DeleteObjects: 0.017900 ms)

========================================================================
Received Import Request.
  Time since last request: 16.643690 seconds.
  path: Assets/Resources/Prefabs/Crit.prefab
  artifactKey: Guid(659df51104bf1f944abc8a70e23ba158) Importer(815301076,1909f56bfc062723c751e8b465ee728b)
Start importing Assets/Resources/Prefabs/Crit.prefab using Guid(659df51104bf1f944abc8a70e23ba158) Importer(815301076,1909f56bfc062723c751e8b465ee728b)  -> (artifact id: '42e0ac6cf4174f665790684af1a432eb') in 0.073726 seconds
  Import took 0.081262 seconds .

========================================================================
Received Prepare
Registering precompiled user dll's ...
Registered in 0.002176 seconds.
Begin MonoManager ReloadAssembly
Native extension for WindowsStandalone target not found
Refreshing native plugins compatible for Editor in 0.42 ms, found 0 plugins.
Preloading 0 native plugins for Editor in 0.00 ms.
Invoked RoslynAnalysisRunner static constructor.
RoslynAnalysisRunner will not be running.
RoslynAnalysisRunner has terminated.
Mono: successfully reloaded assembly
- Completed reload, in  0.792 seconds
Platform modules already initialized, skipping
Shader 'Universal Render Pipeline/Particles/Lit': fallback shader 'Universal Render Pipeline/Particles/SimpleLit' not found
Refreshing native plugins compatible for Editor in 0.44 ms, found 0 plugins.
Preloading 0 native plugins for Editor in 0.00 ms.
Unloading 2400 Unused Serialized files (Serialized files now loaded: 0)
System memory in use before: 111.4 MB.
System memory in use after: 111.6 MB.

Unloading 13 unused Assets to reduce memory usage. Loaded Objects now: 3010.
Total: 2.080900 ms (FindLiveObjects: 0.235900 ms CreateObjectMapping: 0.128200 ms MarkObjects: 1.699300 ms  DeleteObjects: 0.016800 ms)

========================================================================
Received Prepare
Registering precompiled user dll's ...
Registered in 0.002352 seconds.
Begin MonoManager ReloadAssembly
Native extension for WindowsStandalone target not found
Refreshing native plugins compatible for Editor in 0.42 ms, found 0 plugins.
Preloading 0 native plugins for Editor in 0.00 ms.
Invoked RoslynAnalysisRunner static constructor.
RoslynAnalysisRunner will not be running.
RoslynAnalysisRunner has terminated.
Mono: successfully reloaded assembly
- Completed reload, in  0.834 seconds
Platform modules already initialized, skipping
Shader 'Universal Render Pipeline/Particles/Lit': fallback shader 'Universal Render Pipeline/Particles/SimpleLit' not found
Refreshing native plugins compatible for Editor in 0.42 ms, found 0 plugins.
Preloading 0 native plugins for Editor in 0.00 ms.
Unloading 2400 Unused Serialized files (Serialized files now loaded: 0)
System memory in use before: 111.4 MB.
System memory in use after: 111.6 MB.

Unloading 13 unused Assets to reduce memory usage. Loaded Objects now: 3012.
Total: 2.468900 ms (FindLiveObjects: 0.258900 ms CreateObjectMapping: 0.131700 ms MarkObjects: 2.055700 ms  DeleteObjects: 0.021400 ms)

========================================================================
Received Prepare
Registering precompiled user dll's ...
Registered in 0.002177 seconds.
Begin MonoManager ReloadAssembly
Native extension for WindowsStandalone target not found
Refreshing native plugins compatible for Editor in 0.43 ms, found 0 plugins.
Preloading 0 native plugins for Editor in 0.00 ms.
Invoked RoslynAnalysisRunner static constructor.
RoslynAnalysisRunner will not be running.
RoslynAnalysisRunner has terminated.
Mono: successfully reloaded assembly
- Completed reload, in  0.797 seconds
Platform modules already initialized, skipping
Shader 'Universal Render Pipeline/Particles/Lit': fallback shader 'Universal Render Pipeline/Particles/SimpleLit' not found
Refreshing native plugins compatible for Editor in 0.43 ms, found 0 plugins.
Preloading 0 native plugins for Editor in 0.00 ms.
Unloading 2400 Unused Serialized files (Serialized files now loaded: 0)
System memory in use before: 111.3 MB.
System memory in use after: 111.5 MB.

Unloading 13 unused Assets to reduce memory usage. Loaded Objects now: 3014.
Total: 2.102300 ms (FindLiveObjects: 0.257700 ms CreateObjectMapping: 0.120000 ms MarkObjects: 1.705400 ms  DeleteObjects: 0.018200 ms)

========================================================================
Received Prepare
Registering precompiled user dll's ...
Registered in 0.002281 seconds.
Begin MonoManager ReloadAssembly
Native extension for WindowsStandalone target not found
Refreshing native plugins compatible for Editor in 0.45 ms, found 0 plugins.
Preloading 0 native plugins for Editor in 0.00 ms.
Invoked RoslynAnalysisRunner static constructor.
RoslynAnalysisRunner will not be running.
RoslynAnalysisRunner has terminated.
Mono: successfully reloaded assembly
- Completed reload, in  0.812 seconds
Platform modules already initialized, skipping
Shader 'Universal Render Pipeline/Particles/Lit': fallback shader 'Universal Render Pipeline/Particles/SimpleLit' not found
Refreshing native plugins compatible for Editor in 0.41 ms, found 0 plugins.
Preloading 0 native plugins for Editor in 0.00 ms.
Unloading 2400 Unused Serialized files (Serialized files now loaded: 0)
System memory in use before: 111.4 MB.
System memory in use after: 111.6 MB.

Unloading 13 unused Assets to reduce memory usage. Loaded Objects now: 3016.
Total: 2.016200 ms (FindLiveObjects: 0.243300 ms CreateObjectMapping: 0.143100 ms MarkObjects: 1.612200 ms  DeleteObjects: 0.016800 ms)

========================================================================
Received Import Request.
  Time since last request: 190.409316 seconds.
  path: Assets/Resources/Prefabs/Crit.prefab
  artifactKey: Guid(659df51104bf1f944abc8a70e23ba158) Importer(815301076,1909f56bfc062723c751e8b465ee728b)
Start importing Assets/Resources/Prefabs/Crit.prefab using Guid(659df51104bf1f944abc8a70e23ba158) Importer(815301076,1909f56bfc062723c751e8b465ee728b)  -> (artifact id: 'b56beb0e10a6e7a37a6011d37a188ed4') in 0.120585 seconds
  Import took 0.126471 seconds .

========================================================================
Received Prepare
Registering precompiled user dll's ...
Registered in 0.002194 seconds.
Begin MonoManager ReloadAssembly
Native extension for WindowsStandalone target not found
Refreshing native plugins compatible for Editor in 0.42 ms, found 0 plugins.
Preloading 0 native plugins for Editor in 0.00 ms.
Invoked RoslynAnalysisRunner static constructor.
RoslynAnalysisRunner will not be running.
RoslynAnalysisRunner has terminated.
Mono: successfully reloaded assembly
- Completed reload, in  0.802 seconds
Platform modules already initialized, skipping
Shader 'Universal Render Pipeline/Particles/Lit': fallback shader 'Universal Render Pipeline/Particles/SimpleLit' not found
Refreshing native plugins compatible for Editor in 0.42 ms, found 0 plugins.
Preloading 0 native plugins for Editor in 0.00 ms.
Unloading 2400 Unused Serialized files (Serialized files now loaded: 0)
System memory in use before: 111.4 MB.
System memory in use after: 111.6 MB.

Unloading 13 unused Assets to reduce memory usage. Loaded Objects now: 3018.
Total: 2.144000 ms (FindLiveObjects: 0.251700 ms CreateObjectMapping: 0.128800 ms MarkObjects: 1.743600 ms  DeleteObjects: 0.019000 ms)

========================================================================
Received Prepare
Registering precompiled user dll's ...
Registered in 0.002671 seconds.
Begin MonoManager ReloadAssembly
Native extension for WindowsStandalone target not found
Refreshing native plugins compatible for Editor in 0.43 ms, found 0 plugins.
Preloading 0 native plugins for Editor in 0.00 ms.
Invoked RoslynAnalysisRunner static constructor.
RoslynAnalysisRunner will not be running.
RoslynAnalysisRunner has terminated.
Mono: successfully reloaded assembly
- Completed reload, in  0.798 seconds
Platform modules already initialized, skipping
Shader 'Universal Render Pipeline/Particles/Lit': fallback shader 'Universal Render Pipeline/Particles/SimpleLit' not found
Refreshing native plugins compatible for Editor in 0.44 ms, found 0 plugins.
Preloading 0 native plugins for Editor in 0.00 ms.
Unloading 2400 Unused Serialized files (Serialized files now loaded: 0)
System memory in use before: 111.4 MB.
System memory in use after: 111.6 MB.

Unloading 13 unused Assets to reduce memory usage. Loaded Objects now: 3020.
Total: 2.356800 ms (FindLiveObjects: 0.279300 ms CreateObjectMapping: 0.134400 ms MarkObjects: 1.923700 ms  DeleteObjects: 0.018300 ms)

========================================================================
Received Prepare
Registering precompiled user dll's ...
Registered in 0.002638 seconds.
Begin MonoManager ReloadAssembly
Native extension for WindowsStandalone target not found
Refreshing native plugins compatible for Editor in 0.42 ms, found 0 plugins.
Preloading 0 native plugins for Editor in 0.00 ms.
Invoked RoslynAnalysisRunner static constructor.
RoslynAnalysisRunner will not be running.
RoslynAnalysisRunner has terminated.
Mono: successfully reloaded assembly
- Completed reload, in  0.805 seconds
Platform modules already initialized, skipping
Shader 'Universal Render Pipeline/Particles/Lit': fallback shader 'Universal Render Pipeline/Particles/SimpleLit' not found
Refreshing native plugins compatible for Editor in 0.43 ms, found 0 plugins.
Preloading 0 native plugins for Editor in 0.00 ms.
Unloading 2400 Unused Serialized files (Serialized files now loaded: 0)
System memory in use before: 111.4 MB.
System memory in use after: 111.6 MB.

Unloading 13 unused Assets to reduce memory usage. Loaded Objects now: 3022.
Total: 2.075100 ms (FindLiveObjects: 0.240300 ms CreateObjectMapping: 0.118600 ms MarkObjects: 1.697600 ms  DeleteObjects: 0.017900 ms)

========================================================================
Received Prepare
Registering precompiled user dll's ...
Registered in 0.002211 seconds.
Begin MonoManager ReloadAssembly
Native extension for WindowsStandalone target not found
Refreshing native plugins compatible for Editor in 0.42 ms, found 0 plugins.
Preloading 0 native plugins for Editor in 0.00 ms.
Invoked RoslynAnalysisRunner static constructor.
RoslynAnalysisRunner will not be running.
RoslynAnalysisRunner has terminated.
Mono: successfully reloaded assembly
- Completed reload, in  0.795 seconds
Platform modules already initialized, skipping
Shader 'Universal Render Pipeline/Particles/Lit': fallback shader 'Universal Render Pipeline/Particles/SimpleLit' not found
Refreshing native plugins compatible for Editor in 0.43 ms, found 0 plugins.
Preloading 0 native plugins for Editor in 0.00 ms.
Unloading 2400 Unused Serialized files (Serialized files now loaded: 0)
System memory in use before: 111.3 MB.
System memory in use after: 111.5 MB.

Unloading 13 unused Assets to reduce memory usage. Loaded Objects now: 3024.
Total: 2.130300 ms (FindLiveObjects: 0.247600 ms CreateObjectMapping: 0.133700 ms MarkObjects: 1.730900 ms  DeleteObjects: 0.017400 ms)

========================================================================
Received Prepare
Registering precompiled user dll's ...
Registered in 0.002189 seconds.
Begin MonoManager ReloadAssembly
Native extension for WindowsStandalone target not found
Refreshing native plugins compatible for Editor in 0.42 ms, found 0 plugins.
Preloading 0 native plugins for Editor in 0.00 ms.
Invoked RoslynAnalysisRunner static constructor.
RoslynAnalysisRunner will not be running.
RoslynAnalysisRunner has terminated.
Mono: successfully reloaded assembly
- Completed reload, in  0.812 seconds
Platform modules already initialized, skipping
Shader 'Universal Render Pipeline/Particles/Lit': fallback shader 'Universal Render Pipeline/Particles/SimpleLit' not found
Refreshing native plugins compatible for Editor in 0.45 ms, found 0 plugins.
Preloading 0 native plugins for Editor in 0.00 ms.
Unloading 2400 Unused Serialized files (Serialized files now loaded: 0)
System memory in use before: 111.4 MB.
System memory in use after: 111.6 MB.

Unloading 13 unused Assets to reduce memory usage. Loaded Objects now: 3026.
Total: 2.249500 ms (FindLiveObjects: 0.262300 ms CreateObjectMapping: 0.138100 ms MarkObjects: 1.826400 ms  DeleteObjects: 0.021400 ms)

========================================================================
Received Prepare
Registering precompiled user dll's ...
Registered in 0.002436 seconds.
Begin MonoManager ReloadAssembly
Native extension for WindowsStandalone target not found
Refreshing native plugins compatible for Editor in 0.42 ms, found 0 plugins.
Preloading 0 native plugins for Editor in 0.00 ms.
Invoked RoslynAnalysisRunner static constructor.
RoslynAnalysisRunner will not be running.
RoslynAnalysisRunner has terminated.
Mono: successfully reloaded assembly
- Completed reload, in  0.789 seconds
Platform modules already initialized, skipping
Shader 'Universal Render Pipeline/Particles/Lit': fallback shader 'Universal Render Pipeline/Particles/SimpleLit' not found
Refreshing native plugins compatible for Editor in 0.41 ms, found 0 plugins.
Preloading 0 native plugins for Editor in 0.00 ms.
Unloading 2400 Unused Serialized files (Serialized files now loaded: 0)
System memory in use before: 111.4 MB.
System memory in use after: 111.6 MB.

Unloading 13 unused Assets to reduce memory usage. Loaded Objects now: 3028.
Total: 2.140800 ms (FindLiveObjects: 0.254100 ms CreateObjectMapping: 0.137200 ms MarkObjects: 1.729900 ms  DeleteObjects: 0.018700 ms)

========================================================================
Received Prepare
Registering precompiled user dll's ...
Registered in 0.002364 seconds.
Begin MonoManager ReloadAssembly
Native extension for WindowsStandalone target not found
Refreshing native plugins compatible for Editor in 0.42 ms, found 0 plugins.
Preloading 0 native plugins for Editor in 0.00 ms.
Invoked RoslynAnalysisRunner static constructor.
RoslynAnalysisRunner will not be running.
RoslynAnalysisRunner has terminated.
Mono: successfully reloaded assembly
- Completed reload, in  0.788 seconds
Platform modules already initialized, skipping
Shader 'Universal Render Pipeline/Particles/Lit': fallback shader 'Universal Render Pipeline/Particles/SimpleLit' not found
Refreshing native plugins compatible for Editor in 0.43 ms, found 0 plugins.
Preloading 0 native plugins for Editor in 0.00 ms.
Unloading 2400 Unused Serialized files (Serialized files now loaded: 0)
System memory in use before: 111.4 MB.
System memory in use after: 111.6 MB.

Unloading 13 unused Assets to reduce memory usage. Loaded Objects now: 3030.
Total: 2.569700 ms (FindLiveObjects: 0.422900 ms CreateObjectMapping: 0.189600 ms MarkObjects: 1.936000 ms  DeleteObjects: 0.020000 ms)

========================================================================
Received Prepare
Registering precompiled user dll's ...
Registered in 0.002147 seconds.
Begin MonoManager ReloadAssembly
Native extension for WindowsStandalone target not found
Refreshing native plugins compatible for Editor in 0.42 ms, found 0 plugins.
Preloading 0 native plugins for Editor in 0.00 ms.
Invoked RoslynAnalysisRunner static constructor.
RoslynAnalysisRunner will not be running.
RoslynAnalysisRunner has terminated.
Mono: successfully reloaded assembly
- Completed reload, in  0.799 seconds
Platform modules already initialized, skipping
Shader 'Universal Render Pipeline/Particles/Lit': fallback shader 'Universal Render Pipeline/Particles/SimpleLit' not found
Refreshing native plugins compatible for Editor in 0.47 ms, found 0 plugins.
Preloading 0 native plugins for Editor in 0.00 ms.
Unloading 2400 Unused Serialized files (Serialized files now loaded: 0)
System memory in use before: 111.4 MB.
System memory in use after: 111.6 MB.

Unloading 13 unused Assets to reduce memory usage. Loaded Objects now: 3032.
Total: 2.128800 ms (FindLiveObjects: 0.239200 ms CreateObjectMapping: 0.109600 ms MarkObjects: 1.758800 ms  DeleteObjects: 0.020500 ms)

========================================================================
Received Prepare
Registering precompiled user dll's ...
Registered in 0.002191 seconds.
Begin MonoManager ReloadAssembly
Native extension for WindowsStandalone target not found
Refreshing native plugins compatible for Editor in 0.42 ms, found 0 plugins.
Preloading 0 native plugins for Editor in 0.00 ms.
Invoked RoslynAnalysisRunner static constructor.
RoslynAnalysisRunner will not be running.
RoslynAnalysisRunner has terminated.
Mono: successfully reloaded assembly
- Completed reload, in  0.809 seconds
Platform modules already initialized, skipping
Shader 'Universal Render Pipeline/Particles/Lit': fallback shader 'Universal Render Pipeline/Particles/SimpleLit' not found
Refreshing native plugins compatible for Editor in 0.42 ms, found 0 plugins.
Preloading 0 native plugins for Editor in 0.00 ms.
Unloading 2400 Unused Serialized files (Serialized files now loaded: 0)
System memory in use before: 111.3 MB.
System memory in use after: 111.5 MB.

Unloading 13 unused Assets to reduce memory usage. Loaded Objects now: 3034.
Total: 2.098000 ms (FindLiveObjects: 0.254100 ms CreateObjectMapping: 0.130000 ms MarkObjects: 1.694900 ms  DeleteObjects: 0.018200 ms)

========================================================================
Received Prepare
Registering precompiled user dll's ...
Registered in 0.002304 seconds.
Begin MonoManager ReloadAssembly
Native extension for WindowsStandalone target not found
Refreshing native plugins compatible for Editor in 0.42 ms, found 0 plugins.
Preloading 0 native plugins for Editor in 0.00 ms.
Invoked RoslynAnalysisRunner static constructor.
RoslynAnalysisRunner will not be running.
RoslynAnalysisRunner has terminated.
Mono: successfully reloaded assembly
- Completed reload, in  0.790 seconds
Platform modules already initialized, skipping
Shader 'Universal Render Pipeline/Particles/Lit': fallback shader 'Universal Render Pipeline/Particles/SimpleLit' not found
Refreshing native plugins compatible for Editor in 0.42 ms, found 0 plugins.
Preloading 0 native plugins for Editor in 0.00 ms.
Unloading 2400 Unused Serialized files (Serialized files now loaded: 0)
System memory in use before: 111.4 MB.
System memory in use after: 111.6 MB.

Unloading 13 unused Assets to reduce memory usage. Loaded Objects now: 3036.
Total: 2.076000 ms (FindLiveObjects: 0.250900 ms CreateObjectMapping: 0.116100 ms MarkObjects: 1.691100 ms  DeleteObjects: 0.017000 ms)

========================================================================
Received Prepare
Registering precompiled user dll's ...
Registered in 0.002527 seconds.
Begin MonoManager ReloadAssembly
Native extension for WindowsStandalone target not found
Refreshing native plugins compatible for Editor in 0.46 ms, found 0 plugins.
Preloading 0 native plugins for Editor in 0.00 ms.
Invoked RoslynAnalysisRunner static constructor.
RoslynAnalysisRunner will not be running.
RoslynAnalysisRunner has terminated.
Mono: successfully reloaded assembly
- Completed reload, in  0.869 seconds
Platform modules already initialized, skipping
Shader 'Universal Render Pipeline/Particles/Lit': fallback shader 'Universal Render Pipeline/Particles/SimpleLit' not found
Refreshing native plugins compatible for Editor in 0.41 ms, found 0 plugins.
Preloading 0 native plugins for Editor in 0.00 ms.
Unloading 2400 Unused Serialized files (Serialized files now loaded: 0)
System memory in use before: 111.4 MB.
System memory in use after: 111.7 MB.

Unloading 13 unused Assets to reduce memory usage. Loaded Objects now: 3038.
Total: 1.971900 ms (FindLiveObjects: 0.262600 ms CreateObjectMapping: 0.129400 ms MarkObjects: 1.561100 ms  DeleteObjects: 0.017700 ms)

========================================================================
Received Prepare
Registering precompiled user dll's ...
Registered in 0.002247 seconds.
Begin MonoManager ReloadAssembly
Native extension for WindowsStandalone target not found
Refreshing native plugins compatible for Editor in 0.47 ms, found 0 plugins.
Preloading 0 native plugins for Editor in 0.00 ms.
Invoked RoslynAnalysisRunner static constructor.
RoslynAnalysisRunner will not be running.
RoslynAnalysisRunner has terminated.
Mono: successfully reloaded assembly
- Completed reload, in  0.814 seconds
Platform modules already initialized, skipping
Shader 'Universal Render Pipeline/Particles/Lit': fallback shader 'Universal Render Pipeline/Particles/SimpleLit' not found
Refreshing native plugins compatible for Editor in 0.43 ms, found 0 plugins.
Preloading 0 native plugins for Editor in 0.00 ms.
Unloading 2400 Unused Serialized files (Serialized files now loaded: 0)
System memory in use before: 111.4 MB.
System memory in use after: 111.7 MB.

Unloading 13 unused Assets to reduce memory usage. Loaded Objects now: 3040.
Total: 1.964000 ms (FindLiveObjects: 0.256600 ms CreateObjectMapping: 0.129600 ms MarkObjects: 1.560400 ms  DeleteObjects: 0.016500 ms)

========================================================================
Received Prepare
Registering precompiled user dll's ...
Registered in 0.002213 seconds.
Begin MonoManager ReloadAssembly
Native extension for WindowsStandalone target not found
Refreshing native plugins compatible for Editor in 0.41 ms, found 0 plugins.
Preloading 0 native plugins for Editor in 0.00 ms.
Invoked RoslynAnalysisRunner static constructor.
RoslynAnalysisRunner will not be running.
RoslynAnalysisRunner has terminated.
Mono: successfully reloaded assembly
- Completed reload, in  0.790 seconds
Platform modules already initialized, skipping
Shader 'Universal Render Pipeline/Particles/Lit': fallback shader 'Universal Render Pipeline/Particles/SimpleLit' not found
Refreshing native plugins compatible for Editor in 0.41 ms, found 0 plugins.
Preloading 0 native plugins for Editor in 0.00 ms.
Unloading 2400 Unused Serialized files (Serialized files now loaded: 0)
System memory in use before: 111.5 MB.
System memory in use after: 111.7 MB.

Unloading 13 unused Assets to reduce memory usage. Loaded Objects now: 3042.
Total: 2.002200 ms (FindLiveObjects: 0.251100 ms CreateObjectMapping: 0.125800 ms MarkObjects: 1.606600 ms  DeleteObjects: 0.018000 ms)

========================================================================
Received Prepare
Registering precompiled user dll's ...
Registered in 0.002365 seconds.
Begin MonoManager ReloadAssembly
Native extension for WindowsStandalone target not found
Refreshing native plugins compatible for Editor in 0.44 ms, found 0 plugins.
Preloading 0 native plugins for Editor in 0.00 ms.
Invoked RoslynAnalysisRunner static constructor.
RoslynAnalysisRunner will not be running.
RoslynAnalysisRunner has terminated.
Mono: successfully reloaded assembly
- Completed reload, in  0.818 seconds
Platform modules already initialized, skipping
Shader 'Universal Render Pipeline/Particles/Lit': fallback shader 'Universal Render Pipeline/Particles/SimpleLit' not found
Refreshing native plugins compatible for Editor in 0.42 ms, found 0 plugins.
Preloading 0 native plugins for Editor in 0.00 ms.
Unloading 2400 Unused Serialized files (Serialized files now loaded: 0)
System memory in use before: 111.4 MB.
System memory in use after: 111.6 MB.

Unloading 13 unused Assets to reduce memory usage. Loaded Objects now: 3044.
Total: 2.259400 ms (FindLiveObjects: 0.244400 ms CreateObjectMapping: 0.120900 ms MarkObjects: 1.872500 ms  DeleteObjects: 0.020300 ms)

========================================================================
Received Prepare
Registering precompiled user dll's ...
Registered in 0.002196 seconds.
Begin MonoManager ReloadAssembly
Native extension for WindowsStandalone target not found
Refreshing native plugins compatible for Editor in 0.42 ms, found 0 plugins.
Preloading 0 native plugins for Editor in 0.00 ms.
Invoked RoslynAnalysisRunner static constructor.
RoslynAnalysisRunner will not be running.
RoslynAnalysisRunner has terminated.
Mono: successfully reloaded assembly
- Completed reload, in  0.814 seconds
Platform modules already initialized, skipping
Shader 'Universal Render Pipeline/Particles/Lit': fallback shader 'Universal Render Pipeline/Particles/SimpleLit' not found
Refreshing native plugins compatible for Editor in 0.43 ms, found 0 plugins.
Preloading 0 native plugins for Editor in 0.00 ms.
Unloading 2400 Unused Serialized files (Serialized files now loaded: 0)
System memory in use before: 111.5 MB.
System memory in use after: 111.7 MB.

Unloading 13 unused Assets to reduce memory usage. Loaded Objects now: 3046.
Total: 2.343100 ms (FindLiveObjects: 0.287000 ms CreateObjectMapping: 0.153400 ms MarkObjects: 1.878600 ms  DeleteObjects: 0.022400 ms)

========================================================================
Received Prepare
Registering precompiled user dll's ...
Registered in 0.002200 seconds.
Begin MonoManager ReloadAssembly
Native extension for WindowsStandalone target not found
Refreshing native plugins compatible for Editor in 0.45 ms, found 0 plugins.
Preloading 0 native plugins for Editor in 0.00 ms.
Invoked RoslynAnalysisRunner static constructor.
RoslynAnalysisRunner will not be running.
RoslynAnalysisRunner has terminated.
Mono: successfully reloaded assembly
- Completed reload, in  0.817 seconds
Platform modules already initialized, skipping
Shader 'Universal Render Pipeline/Particles/Lit': fallback shader 'Universal Render Pipeline/Particles/SimpleLit' not found
Refreshing native plugins compatible for Editor in 0.44 ms, found 0 plugins.
Preloading 0 native plugins for Editor in 0.00 ms.
Unloading 2400 Unused Serialized files (Serialized files now loaded: 0)
System memory in use before: 111.5 MB.
System memory in use after: 111.7 MB.

Unloading 13 unused Assets to reduce memory usage. Loaded Objects now: 3048.
Total: 1.957900 ms (FindLiveObjects: 0.238600 ms CreateObjectMapping: 0.121600 ms MarkObjects: 1.578600 ms  DeleteObjects: 0.018300 ms)

========================================================================
Received Prepare
Registering precompiled user dll's ...
Registered in 0.002216 seconds.
Begin MonoManager ReloadAssembly
Native extension for WindowsStandalone target not found
Refreshing native plugins compatible for Editor in 0.42 ms, found 0 plugins.
Preloading 0 native plugins for Editor in 0.00 ms.
Invoked RoslynAnalysisRunner static constructor.
RoslynAnalysisRunner will not be running.
RoslynAnalysisRunner has terminated.
Mono: successfully reloaded assembly
- Completed reload, in  0.791 seconds
Platform modules already initialized, skipping
Shader 'Universal Render Pipeline/Particles/Lit': fallback shader 'Universal Render Pipeline/Particles/SimpleLit' not found
Refreshing native plugins compatible for Editor in 0.43 ms, found 0 plugins.
Preloading 0 native plugins for Editor in 0.00 ms.
Unloading 2400 Unused Serialized files (Serialized files now loaded: 0)
System memory in use before: 111.5 MB.
System memory in use after: 111.7 MB.

Unloading 13 unused Assets to reduce memory usage. Loaded Objects now: 3050.
Total: 2.033500 ms (FindLiveObjects: 0.247000 ms CreateObjectMapping: 0.121600 ms MarkObjects: 1.648500 ms  DeleteObjects: 0.015800 ms)

========================================================================
Received Prepare
Registering precompiled user dll's ...
Registered in 0.002259 seconds.
Begin MonoManager ReloadAssembly
Native extension for WindowsStandalone target not found
Refreshing native plugins compatible for Editor in 0.45 ms, found 0 plugins.
Preloading 0 native plugins for Editor in 0.00 ms.
Invoked RoslynAnalysisRunner static constructor.
RoslynAnalysisRunner will not be running.
RoslynAnalysisRunner has terminated.
Mono: successfully reloaded assembly
- Completed reload, in  0.820 seconds
Platform modules already initialized, skipping
Shader 'Universal Render Pipeline/Particles/Lit': fallback shader 'Universal Render Pipeline/Particles/SimpleLit' not found
Refreshing native plugins compatible for Editor in 0.43 ms, found 0 plugins.
Preloading 0 native plugins for Editor in 0.00 ms.
Unloading 2400 Unused Serialized files (Serialized files now loaded: 0)
System memory in use before: 111.5 MB.
System memory in use after: 111.7 MB.

Unloading 13 unused Assets to reduce memory usage. Loaded Objects now: 3052.
Total: 2.047200 ms (FindLiveObjects: 0.259000 ms CreateObjectMapping: 0.127800 ms MarkObjects: 1.639400 ms  DeleteObjects: 0.020100 ms)

========================================================================
Received Prepare
Registering precompiled user dll's ...
Registered in 0.002282 seconds.
Begin MonoManager ReloadAssembly
Native extension for WindowsStandalone target not found
Refreshing native plugins compatible for Editor in 0.45 ms, found 0 plugins.
Preloading 0 native plugins for Editor in 0.00 ms.
Invoked RoslynAnalysisRunner static constructor.
RoslynAnalysisRunner will not be running.
RoslynAnalysisRunner has terminated.
Mono: successfully reloaded assembly
- Completed reload, in  0.841 seconds
Platform modules already initialized, skipping
Shader 'Universal Render Pipeline/Particles/Lit': fallback shader 'Universal Render Pipeline/Particles/SimpleLit' not found
Refreshing native plugins compatible for Editor in 0.47 ms, found 0 plugins.
Preloading 0 native plugins for Editor in 0.00 ms.
Unloading 2400 Unused Serialized files (Serialized files now loaded: 0)
System memory in use before: 111.4 MB.
System memory in use after: 111.6 MB.

Unloading 13 unused Assets to reduce memory usage. Loaded Objects now: 3054.
Total: 2.114000 ms (FindLiveObjects: 0.249100 ms CreateObjectMapping: 0.127900 ms MarkObjects: 1.712100 ms  DeleteObjects: 0.020600 ms)

========================================================================
Received Prepare
Registering precompiled user dll's ...
Registered in 0.002504 seconds.
Begin MonoManager ReloadAssembly
Native extension for WindowsStandalone target not found
Refreshing native plugins compatible for Editor in 0.48 ms, found 0 plugins.
Preloading 0 native plugins for Editor in 0.00 ms.
Invoked RoslynAnalysisRunner static constructor.
RoslynAnalysisRunner will not be running.
RoslynAnalysisRunner has terminated.
Mono: successfully reloaded assembly
- Completed reload, in  0.864 seconds
Platform modules already initialized, skipping
Shader 'Universal Render Pipeline/Particles/Lit': fallback shader 'Universal Render Pipeline/Particles/SimpleLit' not found
Refreshing native plugins compatible for Editor in 0.42 ms, found 0 plugins.
Preloading 0 native plugins for Editor in 0.00 ms.
Unloading 2400 Unused Serialized files (Serialized files now loaded: 0)
System memory in use before: 111.5 MB.
System memory in use after: 111.7 MB.

Unloading 13 unused Assets to reduce memory usage. Loaded Objects now: 3056.
Total: 2.090700 ms (FindLiveObjects: 0.265100 ms CreateObjectMapping: 0.123300 ms MarkObjects: 1.680900 ms  DeleteObjects: 0.020400 ms)

========================================================================
Received Prepare
Registering precompiled user dll's ...
Registered in 0.002170 seconds.
Begin MonoManager ReloadAssembly
Native extension for WindowsStandalone target not found
Refreshing native plugins compatible for Editor in 0.42 ms, found 0 plugins.
Preloading 0 native plugins for Editor in 0.00 ms.
Invoked RoslynAnalysisRunner static constructor.
RoslynAnalysisRunner will not be running.
RoslynAnalysisRunner has terminated.
Mono: successfully reloaded assembly
- Completed reload, in  0.790 seconds
Platform modules already initialized, skipping
Shader 'Universal Render Pipeline/Particles/Lit': fallback shader 'Universal Render Pipeline/Particles/SimpleLit' not found
Refreshing native plugins compatible for Editor in 0.43 ms, found 0 plugins.
Preloading 0 native plugins for Editor in 0.00 ms.
Unloading 2400 Unused Serialized files (Serialized files now loaded: 0)
System memory in use before: 111.5 MB.
System memory in use after: 111.7 MB.

Unloading 13 unused Assets to reduce memory usage. Loaded Objects now: 3058.
Total: 2.121100 ms (FindLiveObjects: 0.259100 ms CreateObjectMapping: 0.133100 ms MarkObjects: 1.708500 ms  DeleteObjects: 0.019600 ms)

========================================================================
Received Prepare
Registering precompiled user dll's ...
Registered in 0.002598 seconds.
Begin MonoManager ReloadAssembly
Native extension for WindowsStandalone target not found
Refreshing native plugins compatible for Editor in 0.42 ms, found 0 plugins.
Preloading 0 native plugins for Editor in 0.00 ms.
Invoked RoslynAnalysisRunner static constructor.
RoslynAnalysisRunner will not be running.
RoslynAnalysisRunner has terminated.
Mono: successfully reloaded assembly
- Completed reload, in  0.812 seconds
Platform modules already initialized, skipping
Shader 'Universal Render Pipeline/Particles/Lit': fallback shader 'Universal Render Pipeline/Particles/SimpleLit' not found
Refreshing native plugins compatible for Editor in 0.43 ms, found 0 plugins.
Preloading 0 native plugins for Editor in 0.00 ms.
Unloading 2400 Unused Serialized files (Serialized files now loaded: 0)
System memory in use before: 111.5 MB.
System memory in use after: 111.7 MB.

Unloading 13 unused Assets to reduce memory usage. Loaded Objects now: 3060.
Total: 2.149000 ms (FindLiveObjects: 0.246800 ms CreateObjectMapping: 0.152300 ms MarkObjects: 1.730900 ms  DeleteObjects: 0.018300 ms)

========================================================================
Received Prepare
Registering precompiled user dll's ...
Registered in 0.002166 seconds.
Begin MonoManager ReloadAssembly
Native extension for WindowsStandalone target not found
Refreshing native plugins compatible for Editor in 0.42 ms, found 0 plugins.
Preloading 0 native plugins for Editor in 0.00 ms.
Invoked RoslynAnalysisRunner static constructor.
RoslynAnalysisRunner will not be running.
RoslynAnalysisRunner has terminated.
Mono: successfully reloaded assembly
- Completed reload, in  0.838 seconds
Platform modules already initialized, skipping
Shader 'Universal Render Pipeline/Particles/Lit': fallback shader 'Universal Render Pipeline/Particles/SimpleLit' not found
Refreshing native plugins compatible for Editor in 0.41 ms, found 0 plugins.
Preloading 0 native plugins for Editor in 0.00 ms.
Unloading 2400 Unused Serialized files (Serialized files now loaded: 0)
System memory in use before: 111.5 MB.
System memory in use after: 111.7 MB.

Unloading 13 unused Assets to reduce memory usage. Loaded Objects now: 3062.
Total: 2.376000 ms (FindLiveObjects: 0.273400 ms CreateObjectMapping: 0.147800 ms MarkObjects: 1.926200 ms  DeleteObjects: 0.027500 ms)

========================================================================
Received Prepare
Registering precompiled user dll's ...
Registered in 0.002239 seconds.
Begin MonoManager ReloadAssembly
Native extension for WindowsStandalone target not found
Refreshing native plugins compatible for Editor in 0.43 ms, found 0 plugins.
Preloading 0 native plugins for Editor in 0.00 ms.
Invoked RoslynAnalysisRunner static constructor.
RoslynAnalysisRunner will not be running.
RoslynAnalysisRunner has terminated.
Mono: successfully reloaded assembly
- Completed reload, in  0.796 seconds
Platform modules already initialized, skipping
Shader 'Universal Render Pipeline/Particles/Lit': fallback shader 'Universal Render Pipeline/Particles/SimpleLit' not found
Refreshing native plugins compatible for Editor in 0.43 ms, found 0 plugins.
Preloading 0 native plugins for Editor in 0.00 ms.
Unloading 2400 Unused Serialized files (Serialized files now loaded: 0)
System memory in use before: 111.4 MB.
System memory in use after: 111.6 MB.

Unloading 13 unused Assets to reduce memory usage. Loaded Objects now: 3064.
Total: 2.059800 ms (FindLiveObjects: 0.261500 ms CreateObjectMapping: 0.131400 ms MarkObjects: 1.648300 ms  DeleteObjects: 0.017700 ms)

========================================================================
Received Prepare
Registering precompiled user dll's ...
Registered in 0.002230 seconds.
Begin MonoManager ReloadAssembly
Native extension for WindowsStandalone target not found
Refreshing native plugins compatible for Editor in 0.42 ms, found 0 plugins.
Preloading 0 native plugins for Editor in 0.00 ms.
Invoked RoslynAnalysisRunner static constructor.
RoslynAnalysisRunner will not be running.
RoslynAnalysisRunner has terminated.
Mono: successfully reloaded assembly
- Completed reload, in  0.819 seconds
Platform modules already initialized, skipping
Shader 'Universal Render Pipeline/Particles/Lit': fallback shader 'Universal Render Pipeline/Particles/SimpleLit' not found
Refreshing native plugins compatible for Editor in 0.42 ms, found 0 plugins.
Preloading 0 native plugins for Editor in 0.00 ms.
Unloading 2400 Unused Serialized files (Serialized files now loaded: 0)
System memory in use before: 111.5 MB.
System memory in use after: 111.7 MB.

Unloading 13 unused Assets to reduce memory usage. Loaded Objects now: 3066.
Total: 2.093700 ms (FindLiveObjects: 0.239500 ms CreateObjectMapping: 0.116800 ms MarkObjects: 1.719600 ms  DeleteObjects: 0.017200 ms)

========================================================================
Received Prepare
Registering precompiled user dll's ...
Registered in 0.002441 seconds.
Begin MonoManager ReloadAssembly
Native extension for WindowsStandalone target not found
Refreshing native plugins compatible for Editor in 0.46 ms, found 0 plugins.
Preloading 0 native plugins for Editor in 0.00 ms.
Invoked RoslynAnalysisRunner static constructor.
RoslynAnalysisRunner will not be running.
RoslynAnalysisRunner has terminated.
Mono: successfully reloaded assembly
- Completed reload, in  0.831 seconds
Platform modules already initialized, skipping
Shader 'Universal Render Pipeline/Particles/Lit': fallback shader 'Universal Render Pipeline/Particles/SimpleLit' not found
Refreshing native plugins compatible for Editor in 0.42 ms, found 0 plugins.
Preloading 0 native plugins for Editor in 0.00 ms.
Unloading 2400 Unused Serialized files (Serialized files now loaded: 0)
System memory in use before: 111.5 MB.
System memory in use after: 111.8 MB.

Unloading 13 unused Assets to reduce memory usage. Loaded Objects now: 3068.
Total: 2.065200 ms (FindLiveObjects: 0.275900 ms CreateObjectMapping: 0.132900 ms MarkObjects: 1.639800 ms  DeleteObjects: 0.015800 ms)

========================================================================
Received Prepare
Registering precompiled user dll's ...
Registered in 0.002443 seconds.
Begin MonoManager ReloadAssembly
Native extension for WindowsStandalone target not found
Refreshing native plugins compatible for Editor in 0.52 ms, found 0 plugins.
Preloading 0 native plugins for Editor in 0.00 ms.
Invoked RoslynAnalysisRunner static constructor.
RoslynAnalysisRunner will not be running.
RoslynAnalysisRunner has terminated.
Mono: successfully reloaded assembly
- Completed reload, in  0.826 seconds
Platform modules already initialized, skipping
Shader 'Universal Render Pipeline/Particles/Lit': fallback shader 'Universal Render Pipeline/Particles/SimpleLit' not found
Refreshing native plugins compatible for Editor in 0.43 ms, found 0 plugins.
Preloading 0 native plugins for Editor in 0.00 ms.
Unloading 2400 Unused Serialized files (Serialized files now loaded: 0)
System memory in use before: 111.5 MB.
System memory in use after: 111.8 MB.

Unloading 13 unused Assets to reduce memory usage. Loaded Objects now: 3070.
Total: 2.212500 ms (FindLiveObjects: 0.276200 ms CreateObjectMapping: 0.194900 ms MarkObjects: 1.722100 ms  DeleteObjects: 0.018300 ms)

========================================================================
Received Prepare
Registering precompiled user dll's ...
Registered in 0.002186 seconds.
Begin MonoManager ReloadAssembly
Native extension for WindowsStandalone target not found
Refreshing native plugins compatible for Editor in 0.43 ms, found 0 plugins.
Preloading 0 native plugins for Editor in 0.00 ms.
Invoked RoslynAnalysisRunner static constructor.
RoslynAnalysisRunner will not be running.
RoslynAnalysisRunner has terminated.
Mono: successfully reloaded assembly
- Completed reload, in  0.829 seconds
Platform modules already initialized, skipping
Shader 'Universal Render Pipeline/Particles/Lit': fallback shader 'Universal Render Pipeline/Particles/SimpleLit' not found
Refreshing native plugins compatible for Editor in 0.43 ms, found 0 plugins.
Preloading 0 native plugins for Editor in 0.00 ms.
Unloading 2400 Unused Serialized files (Serialized files now loaded: 0)
System memory in use before: 111.6 MB.
System memory in use after: 111.8 MB.

Unloading 13 unused Assets to reduce memory usage. Loaded Objects now: 3072.
Total: 2.103000 ms (FindLiveObjects: 0.266300 ms CreateObjectMapping: 0.129000 ms MarkObjects: 1.688300 ms  DeleteObjects: 0.018500 ms)

========================================================================
Received Prepare
Registering precompiled user dll's ...
Registered in 0.002368 seconds.
Begin MonoManager ReloadAssembly
Native extension for WindowsStandalone target not found
Refreshing native plugins compatible for Editor in 0.42 ms, found 0 plugins.
Preloading 0 native plugins for Editor in 0.00 ms.
Invoked RoslynAnalysisRunner static constructor.
RoslynAnalysisRunner will not be running.
RoslynAnalysisRunner has terminated.
Mono: successfully reloaded assembly
- Completed reload, in  0.801 seconds
Platform modules already initialized, skipping
Shader 'Universal Render Pipeline/Particles/Lit': fallback shader 'Universal Render Pipeline/Particles/SimpleLit' not found
Refreshing native plugins compatible for Editor in 0.42 ms, found 0 plugins.
Preloading 0 native plugins for Editor in 0.00 ms.
Unloading 2400 Unused Serialized files (Serialized files now loaded: 0)
System memory in use before: 111.5 MB.
System memory in use after: 111.7 MB.

Unloading 13 unused Assets to reduce memory usage. Loaded Objects now: 3074.
Total: 2.260200 ms (FindLiveObjects: 0.299600 ms CreateObjectMapping: 0.141800 ms MarkObjects: 1.773500 ms  DeleteObjects: 0.044400 ms)

========================================================================
Received Prepare
Registering precompiled user dll's ...
Registered in 0.002459 seconds.
Begin MonoManager ReloadAssembly
Native extension for WindowsStandalone target not found
Refreshing native plugins compatible for Editor in 0.41 ms, found 0 plugins.
Preloading 0 native plugins for Editor in 0.00 ms.
Invoked RoslynAnalysisRunner static constructor.
RoslynAnalysisRunner will not be running.
RoslynAnalysisRunner has terminated.
Mono: successfully reloaded assembly
- Completed reload, in  0.811 seconds
Platform modules already initialized, skipping
Shader 'Universal Render Pipeline/Particles/Lit': fallback shader 'Universal Render Pipeline/Particles/SimpleLit' not found
Refreshing native plugins compatible for Editor in 0.48 ms, found 0 plugins.
Preloading 0 native plugins for Editor in 0.00 ms.
Unloading 2400 Unused Serialized files (Serialized files now loaded: 0)
System memory in use before: 111.6 MB.
System memory in use after: 111.8 MB.

Unloading 13 unused Assets to reduce memory usage. Loaded Objects now: 3076.
Total: 2.228600 ms (FindLiveObjects: 0.252000 ms CreateObjectMapping: 0.120400 ms MarkObjects: 1.835200 ms  DeleteObjects: 0.018600 ms)

AssetImportWorkerClient::OnTransportError - code=2 error=End of file
